#
# A fatal error has been detected by the Java Runtime Environment:
#
#  EXCEPTION_ACCESS_VIOLATION (0xc0000005) at pc=0x00007ffa4f91fc9c, pid=12860, tid=0x0000000000000cd8
#
# JRE version: OpenJDK Runtime Environment (8.0_402-b06) (build 1.8.0_402-b06)
# Java VM: OpenJDK 64-Bit Server VM (25.402-b06 mixed mode windows-amd64 compressed oops)
# Problematic frame:
# C  [ig11icd64.dll+0x59fc9c]
#
# Failed to write core dump. Minidumps are not enabled by default on client versions of Windows
#
# If you would like to submit a bug report, please visit:
#   https://github.com/adoptium/adoptium-support/issues
#

---------------  T H R E A D  ---------------

Current thread (0x0000018d51926800):  VMThread [stack: 0x0000006da7c00000,0x0000006da7d00000] [id=3288]

siginfo: ExceptionCode=0xc0000005, reading address 0x0000000000035778

Registers:
RAX=0x0000018d544f6958, RBX=0x0000018d544f6850, RCX=0x0000000000000000, RDX=0x0000018d53c4dbb0
RSP=0x0000006da7cfe8b0, RBP=0x0000018d54752080, RSI=0x0000018d544f6e20, RDI=0x0000018d55868b30
R8 =0x0000000000000014, R9 =0x0000018d544f6958, R10=0x0000000000000000, R11=0x0000000000000246
R12=0x0000018d556f5100, R13=0x0000000000000000, R14=0x0000000000000000, R15=0x0000000000000000
RIP=0x00007ffa4f91fc9c, EFLAGS=0x0000000000010202

Top of Stack: (sp=0x0000006da7cfe8b0)
0x0000006da7cfe8b0:   0000018d55508880 000072a10644f53a
0x0000006da7cfe8c0:   0000006da7cfe8f8 0000005400000000
0x0000006da7cfe8d0:   0000000000000010 0000000000000000
0x0000006da7cfe8e0:   0000b802001a0000 0000018d556f51a0
0x0000006da7cfe8f0:   0000000000000000 00007ffa4f90190d
0x0000006da7cfe900:   0000018d55508880 0000018d55868b30
0x0000006da7cfe910:   0000006da7cfea00 0000000000002f64
0x0000006da7cfe920:   0000006d0000137c 0000006d00000000
0x0000006da7cfe930:   0000000000000000 000000007504d62f
0x0000006da7cfe940:   000004b4a7cfeb80 0000000000000000
0x0000006da7cfe950:   0000018d3930179c 0000000300000020
0x0000006da7cfe960:   0000000000000000 0000000300000002
0x0000006da7cfe970:   0000006d00000002 00000001f46857d4
0x0000006da7cfe980:   0000006da73bd000 0000006da7cfe9c0
0x0000006da7cfe990:   0000006da7cfebd0 0000000000000000
0x0000006da7cfe9a0:   0000000000000000 0000006da7cfec60 

Instructions: (pc=0x00007ffa4f91fc9c)
0x00007ffa4f91fc7c:   8b c1 83 e0 0f 48 8d 04 c0 49 8d 04 c1 48 85 c0
0x00007ffa4f91fc8c:   74 0c 48 8b 48 08 eb 08 48 83 c0 08 eb ef 33 c9
0x00007ffa4f91fc9c:   49 3b 8e 78 57 03 00 76 51 48 8b 87 78 02 00 00
0x00007ffa4f91fcac:   48 89 06 48 89 9f 78 02 00 00 ff 87 80 02 00 00 


Register to memory mapping:

RAX=0x0000018d544f6958 is an unknown value
RBX=0x0000018d544f6850 is an unknown value
RCX=0x0000000000000000 is an unknown value
RDX=0x0000018d53c4dbb0 is an unknown value
RSP=0x0000006da7cfe8b0 is an unknown value
RBP=0x0000018d54752080 is an unknown value
RSI=0x0000018d544f6e20 is an unknown value
RDI=0x0000018d55868b30 is an unknown value
R8 =0x0000000000000014 is an unknown value
R9 =0x0000018d544f6958 is an unknown value
R10=0x0000000000000000 is an unknown value
R11=0x0000000000000246 is an unknown value
R12=0x0000018d556f5100 is an unknown value
R13=0x0000000000000000 is an unknown value
R14=0x0000000000000000 is an unknown value
R15=0x0000000000000000 is an unknown value


Stack: [0x0000006da7c00000,0x0000006da7d00000],  sp=0x0000006da7cfe8b0,  free space=1018k
Native frames: (J=compiled Java code, j=interpreted, Vv=VM code, C=native code)
C  [ig11icd64.dll+0x59fc9c]
C  [ig11icd64.dll+0x58190d]
C  [ig11icd64.dll+0x67a87f]
C  [ig11icd64.dll+0x5df729]
C  [ig11icd64.dll+0x676e1a]
C  [ig11icd64.dll+0x57ca00]
C  [ig11icd64.dll+0x57c849]
C  [ig11icd64.dll+0x53164b]
C  [ntdll.dll+0x19a1d]
C  [ntdll.dll+0x5dcda]
C  [ntdll.dll+0x5da8d]
C  [KERNEL32.DLL+0x1e3bb]
C  [ucrtbase.dll+0x205bc]
C  [ucrtbase.dll+0x2045f]
V  [jvm.dll+0x1e8fb5]
V  [jvm.dll+0x2246f6]
V  [jvm.dll+0x224c94]
V  [jvm.dll+0x223254]
V  [jvm.dll+0x223a2f]
V  [jvm.dll+0x223d34]
V  [jvm.dll+0x26d5ec]
C  [ucrtbase.dll+0x21bb2]
C  [KERNEL32.DLL+0x17344]
C  [ntdll.dll+0x526b1]

VM_Operation (0x0000006da77ff1a0): Exit, mode: safepoint, requested by thread 0x0000018d3951d000


---------------  P R O C E S S  ---------------

Java Threads: ( => current thread )
  0x0000018d5591f000 JavaThread "LWJGL Timer" daemon [_thread_blocked, id=8332, stack(0x0000006da9000000,0x0000006da9100000)]
  0x0000018d537f2800 JavaThread "com.google.inject.internal.util.$Finalizer" daemon [_thread_blocked, id=3180, stack(0x0000006da8700000,0x0000006da8800000)]
  0x0000018d53613800 JavaThread "EMF Reference Cleaner" daemon [_thread_blocked, id=13780, stack(0x0000006da8600000,0x0000006da8700000)]
  0x0000018d51a24000 JavaThread "Service Thread" daemon [_thread_blocked, id=10984, stack(0x0000006da8400000,0x0000006da8500000)]
  0x0000018d5198e000 JavaThread "C1 CompilerThread2" daemon [_thread_blocked, id=7392, stack(0x0000006da8300000,0x0000006da8400000)]
  0x0000018d5198b000 JavaThread "C2 CompilerThread1" daemon [_thread_blocked, id=6428, stack(0x0000006da8200000,0x0000006da8300000)]
  0x0000018d51991000 JavaThread "C2 CompilerThread0" daemon [_thread_blocked, id=10944, stack(0x0000006da8100000,0x0000006da8200000)]
  0x0000018d51981800 JavaThread "Attach Listener" daemon [_thread_blocked, id=1544, stack(0x0000006da8000000,0x0000006da8100000)]
  0x0000018d51959000 JavaThread "Finalizer" daemon [_thread_blocked, id=5160, stack(0x0000006da7e00000,0x0000006da7f00000)]
  0x0000018d51951000 JavaThread "Reference Handler" daemon [_thread_blocked, id=10748, stack(0x0000006da7d00000,0x0000006da7e00000)]
  0x0000018d3951d000 JavaThread "main" [_thread_blocked, id=14328, stack(0x0000006da7700000,0x0000006da7800000)]

Other Threads:
=>0x0000018d51926800 VMThread [stack: 0x0000006da7c00000,0x0000006da7d00000] [id=3288]

VM state:at safepoint (shutting down)

VM Mutex/Monitor currently owned by a thread:  ([mutex/lock_event])
[0x0000018d39519b60] Threads_lock - owner thread: 0x0000018d51926800

heap address: 0x0000000703c00000, size: 3012 MB, Compressed Oops mode: Zero based, Oop shift amount: 3
Narrow klass base: 0x0000000000000000, Narrow klass shift: 3
Compressed class space size: 1073741824 Address: 0x00000007c0000000

Heap:
 PSYoungGen      total 300544K, used 22014K [0x0000000781400000, 0x0000000794880000, 0x00000007c0000000)
  eden space 292352K, 7% used [0x0000000781400000,0x000000078292f850,0x0000000793180000)
  from space 8192K, 3% used [0x0000000794080000,0x00000007940d0000,0x0000000794880000)
  to   space 11776K, 0% used [0x0000000793180000,0x0000000793180000,0x0000000793d00000)
 ParOldGen       total 112128K, used 22502K [0x0000000703c00000, 0x000000070a980000, 0x0000000781400000)
  object space 112128K, 20% used [0x0000000703c00000,0x00000007051f9ac8,0x000000070a980000)
 Metaspace       used 24974K, capacity 25433K, committed 25600K, reserved 1071104K
  class space    used 2945K, capacity 3069K, committed 3072K, reserved 1048576K

Card table byte_map: [0x0000018d4a290000,0x0000018d4a880000] byte_map_base: 0x0000018d46a72000

Marking Bits: (ParMarkBitMap*) 0x00000000757b0850
 Begin Bits: [0x0000018d4ac70000, 0x0000018d4db80000)
 End Bits:   [0x0000018d4db80000, 0x0000018d50a90000)

Polling page: 0x0000018d39490000

CodeCache: size=245760Kb used=14842Kb max_used=16545Kb free=230917Kb
 bounds [0x0000018d3aed0000, 0x0000018d3bfa0000, 0x0000018d49ed0000]
 total_blobs=4675 nmethods=4075 adapters=510
 compilation: enabled

Compilation events (10 events):
Event: 13.007 Thread 0x0000018d5198e000 4966       3       sun.nio.cs.UTF_8$Encoder::encodeArrayLoop (489 bytes)
Event: 13.007 Thread 0x0000018d51991000 4969       4       java.lang.StringBuilder::append (9 bytes)
Event: 13.009 Thread 0x0000018d5198e000 nmethod 4966 0x0000018d3b17a4d0 code [0x0000018d3b17aa40, 0x0000018d3b17e0d0]
Event: 13.009 Thread 0x0000018d5198e000 4967       3       java.io.BufferedWriter::ensureOpen (18 bytes)
Event: 13.010 Thread 0x0000018d5198e000 nmethod 4967 0x0000018d3afe5ed0 code [0x0000018d3afe6040, 0x0000018d3afe6290]
Event: 13.010 Thread 0x0000018d5198e000 4968       1       sun.nio.cs.StreamEncoder::isOpen (5 bytes)
Event: 13.010 Thread 0x0000018d5198e000 nmethod 4968 0x0000018d3baf0dd0 code [0x0000018d3baf0f20, 0x0000018d3baf1038]
Event: 13.012 Thread 0x0000018d51991000 nmethod 4969 0x0000018d3affda90 code [0x0000018d3affdc00, 0x0000018d3affe088]
Event: 13.017 Thread 0x0000018d5198e000 4970       3       java.util.Hashtable::<init> (114 bytes)
Event: 13.018 Thread 0x0000018d5198e000 nmethod 4970 0x0000018d3b8ae090 code [0x0000018d3b8ae380, 0x0000018d3b8af7a0]

GC Heap History (10 events):
Event: 10.059 GC heap before
{Heap before GC invocations=19 (full 1):
 PSYoungGen      total 262656K, used 248142K [0x0000000781400000, 0x0000000793280000, 0x00000007c0000000)
  eden space 246784K, 100% used [0x0000000781400000,0x0000000790500000,0x0000000790500000)
  from space 15872K, 8% used [0x0000000790500000,0x0000000790653890,0x0000000791480000)
  to   space 14848K, 0% used [0x0000000792400000,0x0000000792400000,0x0000000793280000)
 ParOldGen       total 112128K, used 21326K [0x0000000703c00000, 0x000000070a980000, 0x0000000781400000)
  object space 112128K, 19% used [0x0000000703c00000,0x00000007050d3bc0,0x000000070a980000)
 Metaspace       used 24871K, capacity 25351K, committed 25600K, reserved 1071104K
  class space    used 2934K, capacity 3066K, committed 3072K, reserved 1048576K
Event: 10.060 GC heap after
Heap after GC invocations=19 (full 1):
 PSYoungGen      total 276480K, used 1326K [0x0000000781400000, 0x0000000793100000, 0x00000007c0000000)
  eden space 263168K, 0% used [0x0000000781400000,0x0000000781400000,0x0000000791500000)
  from space 13312K, 9% used [0x0000000792400000,0x000000079254b890,0x0000000793100000)
  to   space 14336K, 0% used [0x0000000791500000,0x0000000791500000,0x0000000792300000)
 ParOldGen       total 112128K, used 21334K [0x0000000703c00000, 0x000000070a980000, 0x0000000781400000)
  object space 112128K, 19% used [0x0000000703c00000,0x00000007050d5bc0,0x000000070a980000)
 Metaspace       used 24871K, capacity 25351K, committed 25600K, reserved 1071104K
  class space    used 2934K, capacity 3066K, committed 3072K, reserved 1048576K
}
Event: 10.488 GC heap before
{Heap before GC invocations=20 (full 1):
 PSYoungGen      total 276480K, used 264494K [0x0000000781400000, 0x0000000793100000, 0x00000007c0000000)
  eden space 263168K, 100% used [0x0000000781400000,0x0000000791500000,0x0000000791500000)
  from space 13312K, 9% used [0x0000000792400000,0x000000079254b890,0x0000000793100000)
  to   space 14336K, 0% used [0x0000000791500000,0x0000000791500000,0x0000000792300000)
 ParOldGen       total 112128K, used 21334K [0x0000000703c00000, 0x000000070a980000, 0x0000000781400000)
  object space 112128K, 19% used [0x0000000703c00000,0x00000007050d5bc0,0x000000070a980000)
 Metaspace       used 24873K, capacity 25351K, committed 25600K, reserved 1071104K
  class space    used 2934K, capacity 3066K, committed 3072K, reserved 1048576K
Event: 10.490 GC heap after
Heap after GC invocations=20 (full 1):
 PSYoungGen      total 277504K, used 1358K [0x0000000781400000, 0x0000000793f00000, 0x00000007c0000000)
  eden space 263168K, 0% used [0x0000000781400000,0x0000000781400000,0x0000000791500000)
  from space 14336K, 9% used [0x0000000791500000,0x0000000791653890,0x0000000792300000)
  to   space 13312K, 0% used [0x0000000793200000,0x0000000793200000,0x0000000793f00000)
 ParOldGen       total 112128K, used 21334K [0x0000000703c00000, 0x000000070a980000, 0x0000000781400000)
  object space 112128K, 19% used [0x0000000703c00000,0x00000007050d5bc0,0x000000070a980000)
 Metaspace       used 24873K, capacity 25351K, committed 25600K, reserved 1071104K
  class space    used 2934K, capacity 3066K, committed 3072K, reserved 1048576K
}
Event: 10.916 GC heap before
{Heap before GC invocations=21 (full 1):
 PSYoungGen      total 277504K, used 264526K [0x0000000781400000, 0x0000000793f00000, 0x00000007c0000000)
  eden space 263168K, 100% used [0x0000000781400000,0x0000000791500000,0x0000000791500000)
  from space 14336K, 9% used [0x0000000791500000,0x0000000791653890,0x0000000792300000)
  to   space 13312K, 0% used [0x0000000793200000,0x0000000793200000,0x0000000793f00000)
 ParOldGen       total 112128K, used 21334K [0x0000000703c00000, 0x000000070a980000, 0x0000000781400000)
  object space 112128K, 19% used [0x0000000703c00000,0x00000007050d5bc0,0x000000070a980000)
 Metaspace       used 24878K, capacity 25357K, committed 25600K, reserved 1071104K
  class space    used 2934K, capacity 3067K, committed 3072K, reserved 1048576K
Event: 10.918 GC heap after
Heap after GC invocations=21 (full 1):
 PSYoungGen      total 291840K, used 512K [0x0000000781400000, 0x0000000793e00000, 0x00000007c0000000)
  eden space 279552K, 0% used [0x0000000781400000,0x0000000781400000,0x0000000792500000)
  from space 12288K, 4% used [0x0000000793200000,0x0000000793280000,0x0000000793e00000)
  to   space 12800K, 0% used [0x0000000792500000,0x0000000792500000,0x0000000793180000)
 ParOldGen       total 112128K, used 22158K [0x0000000703c00000, 0x000000070a980000, 0x0000000781400000)
  object space 112128K, 19% used [0x0000000703c00000,0x00000007051a3ac8,0x000000070a980000)
 Metaspace       used 24878K, capacity 25357K, committed 25600K, reserved 1071104K
  class space    used 2934K, capacity 3067K, committed 3072K, reserved 1048576K
}
Event: 11.364 GC heap before
{Heap before GC invocations=22 (full 1):
 PSYoungGen      total 291840K, used 280064K [0x0000000781400000, 0x0000000793e00000, 0x00000007c0000000)
  eden space 279552K, 100% used [0x0000000781400000,0x0000000792500000,0x0000000792500000)
  from space 12288K, 4% used [0x0000000793200000,0x0000000793280000,0x0000000793e00000)
  to   space 12800K, 0% used [0x0000000792500000,0x0000000792500000,0x0000000793180000)
 ParOldGen       total 112128K, used 22158K [0x0000000703c00000, 0x000000070a980000, 0x0000000781400000)
  object space 112128K, 19% used [0x0000000703c00000,0x00000007051a3ac8,0x000000070a980000)
 Metaspace       used 24889K, capacity 25357K, committed 25600K, reserved 1071104K
  class space    used 2934K, capacity 3067K, committed 3072K, reserved 1048576K
Event: 11.365 GC heap after
Heap after GC invocations=22 (full 1):
 PSYoungGen      total 292352K, used 256K [0x0000000781400000, 0x0000000794c80000, 0x00000007c0000000)
  eden space 279552K, 0% used [0x0000000781400000,0x0000000781400000,0x0000000792500000)
  from space 12800K, 2% used [0x0000000792500000,0x0000000792540000,0x0000000793180000)
  to   space 12288K, 0% used [0x0000000794080000,0x0000000794080000,0x0000000794c80000)
 ParOldGen       total 112128K, used 22462K [0x0000000703c00000, 0x000000070a980000, 0x0000000781400000)
  object space 112128K, 20% used [0x0000000703c00000,0x00000007051efac8,0x000000070a980000)
 Metaspace       used 24889K, capacity 25357K, committed 25600K, reserved 1071104K
  class space    used 2934K, capacity 3067K, committed 3072K, reserved 1048576K
}
Event: 12.956 GC heap before
{Heap before GC invocations=23 (full 1):
 PSYoungGen      total 292352K, used 279808K [0x0000000781400000, 0x0000000794c80000, 0x00000007c0000000)
  eden space 279552K, 100% used [0x0000000781400000,0x0000000792500000,0x0000000792500000)
  from space 12800K, 2% used [0x0000000792500000,0x0000000792540000,0x0000000793180000)
  to   space 12288K, 0% used [0x0000000794080000,0x0000000794080000,0x0000000794c80000)
 ParOldGen       total 112128K, used 22462K [0x0000000703c00000, 0x000000070a980000, 0x0000000781400000)
  object space 112128K, 20% used [0x0000000703c00000,0x00000007051efac8,0x000000070a980000)
 Metaspace       used 24926K, capacity 25369K, committed 25600K, reserved 1071104K
  class space    used 2939K, capacity 3069K, committed 3072K, reserved 1048576K
Event: 12.957 GC heap after
Heap after GC invocations=23 (full 1):
 PSYoungGen      total 300544K, used 320K [0x0000000781400000, 0x0000000794880000, 0x00000007c0000000)
  eden space 292352K, 0% used [0x0000000781400000,0x0000000781400000,0x0000000793180000)
  from space 8192K, 3% used [0x0000000794080000,0x00000007940d0000,0x0000000794880000)
  to   space 11776K, 0% used [0x0000000793180000,0x0000000793180000,0x0000000793d00000)
 ParOldGen       total 112128K, used 22502K [0x0000000703c00000, 0x000000070a980000, 0x0000000781400000)
  object space 112128K, 20% used [0x0000000703c00000,0x00000007051f9ac8,0x000000070a980000)
 Metaspace       used 24926K, capacity 25369K, committed 25600K, reserved 1071104K
  class space    used 2939K, capacity 3069K, committed 3072K, reserved 1048576K
}

Deoptimization events (10 events):
Event: 12.986 Thread 0x0000018d54049000 Uncommon trap: reason=class_check action=maybe_recompile pc=0x0000018d3bc161e8 method=org.uqbar.project.wollok.interpreter.WollokInterpreter.eval(Lorg/eclipse/emf/ecore/EObject;)Lorg/uqbar/project/wollok/interpreter/core/WollokObject; @ 79
Event: 12.986 Thread 0x0000018d54049000 Uncommon trap: reason=class_check action=maybe_recompile pc=0x0000018d3bc161e8 method=org.uqbar.project.wollok.interpreter.WollokInterpreter.eval(Lorg/eclipse/emf/ecore/EObject;)Lorg/uqbar/project/wollok/interpreter/core/WollokObject; @ 79
Event: 12.986 Thread 0x0000018d54049000 Uncommon trap: reason=class_check action=maybe_recompile pc=0x0000018d3bc161e8 method=org.uqbar.project.wollok.interpreter.WollokInterpreter.eval(Lorg/eclipse/emf/ecore/EObject;)Lorg/uqbar/project/wollok/interpreter/core/WollokObject; @ 79
Event: 12.986 Thread 0x0000018d54049000 Uncommon trap: reason=class_check action=maybe_recompile pc=0x0000018d3bc161e8 method=org.uqbar.project.wollok.interpreter.WollokInterpreter.eval(Lorg/eclipse/emf/ecore/EObject;)Lorg/uqbar/project/wollok/interpreter/core/WollokObject; @ 79
Event: 12.986 Thread 0x0000018d54049000 Uncommon trap: reason=class_check action=maybe_recompile pc=0x0000018d3bda6984 method=org.uqbar.project.wollok.interpreter.threads.WThread.performOnStack(Lorg/eclipse/emf/ecore/EObject;Lorg/uqbar/project/wollok/interpreter/context/EvaluationContext;Lorg/e
Event: 12.986 Thread 0x0000018d54049000 Uncommon trap: reason=class_check action=maybe_recompile pc=0x0000018d3bc161e8 method=org.uqbar.project.wollok.interpreter.WollokInterpreter.eval(Lorg/eclipse/emf/ecore/EObject;)Lorg/uqbar/project/wollok/interpreter/core/WollokObject; @ 79
Event: 12.986 Thread 0x0000018d54049000 Uncommon trap: reason=class_check action=maybe_recompile pc=0x0000018d3bc161e8 method=org.uqbar.project.wollok.interpreter.WollokInterpreter.eval(Lorg/eclipse/emf/ecore/EObject;)Lorg/uqbar/project/wollok/interpreter/core/WollokObject; @ 79
Event: 12.986 Thread 0x0000018d54049000 Uncommon trap: reason=class_check action=maybe_recompile pc=0x0000018d3bc161e8 method=org.uqbar.project.wollok.interpreter.WollokInterpreter.eval(Lorg/eclipse/emf/ecore/EObject;)Lorg/uqbar/project/wollok/interpreter/core/WollokObject; @ 79
Event: 12.986 Thread 0x0000018d54049000 Uncommon trap: reason=class_check action=maybe_recompile pc=0x0000018d3bda6984 method=org.uqbar.project.wollok.interpreter.threads.WThread.performOnStack(Lorg/eclipse/emf/ecore/EObject;Lorg/uqbar/project/wollok/interpreter/context/EvaluationContext;Lorg/e
Event: 13.004 Thread 0x0000018d54049000 Uncommon trap: reason=unstable_if action=reinterpret pc=0x0000018d3bc5f644 method=java.util.HashMap$HashIterator.<init>(Ljava/util/HashMap;)V @ 45

Classes redefined (0 events):
No events

Internal exceptions (10 events):
Event: 2.494 Thread 0x0000018d3951d000 Exception <a 'java/lang/reflect/InvocationTargetException'> (0x0000000782b88f98) thrown at [E:\Jenkins\workspace\temp\workspace\build\src\hotspot\src\share\vm\runtime\reflection.cpp, line 1092]
Event: 2.652 Thread 0x0000018d3951d000 Exception <a 'java/io/FileNotFoundException'> (0x000000078199f730) thrown at [E:\Jenkins\workspace\temp\workspace\build\src\hotspot\src\share\vm\prims\jni.cpp, line 709]
Event: 2.916 Thread 0x0000018d3951d000 Exception <a 'java/security/PrivilegedActionException'> (0x00000007827faf28) thrown at [E:\Jenkins\workspace\temp\workspace\build\src\hotspot\src\share\vm\prims\jvm.cpp, line 1514]
Event: 2.916 Thread 0x0000018d3951d000 Exception <a 'java/security/PrivilegedActionException'> (0x00000007827fc458) thrown at [E:\Jenkins\workspace\temp\workspace\build\src\hotspot\src\share\vm\prims\jvm.cpp, line 1514]
Event: 2.916 Thread 0x0000018d3951d000 Exception <a 'java/security/PrivilegedActionException'> (0x00000007827fd888) thrown at [E:\Jenkins\workspace\temp\workspace\build\src\hotspot\src\share\vm\prims\jvm.cpp, line 1514]
Event: 2.916 Thread 0x0000018d3951d000 Exception <a 'java/security/PrivilegedActionException'> (0x00000007827fef48) thrown at [E:\Jenkins\workspace\temp\workspace\build\src\hotspot\src\share\vm\prims\jvm.cpp, line 1514]
Event: 2.917 Thread 0x0000018d3951d000 Exception <a 'java/security/PrivilegedActionException'> (0x0000000782800340) thrown at [E:\Jenkins\workspace\temp\workspace\build\src\hotspot\src\share\vm\prims\jvm.cpp, line 1514]
Event: 2.917 Thread 0x0000018d3951d000 Exception <a 'java/security/PrivilegedActionException'> (0x0000000782801708) thrown at [E:\Jenkins\workspace\temp\workspace\build\src\hotspot\src\share\vm\prims\jvm.cpp, line 1514]
Event: 5.396 Thread 0x0000018d54049000 Implicit null exception at 0x0000018d3ba21f8d to 0x0000018d3ba22151
Event: 12.981 Thread 0x0000018d54049000 Implicit null exception at 0x0000018d3bed07fc to 0x0000018d3bed1309

Events (10 events):
Event: 13.008 loading class org/uqbar/project/wollok/interpreter/WollokInterpreter$3
Event: 13.008 loading class org/uqbar/project/wollok/interpreter/WollokInterpreter$3 done
Event: 13.010 loading class java/util/IdentityHashMap$KeyIterator
Event: 13.010 loading class java/util/IdentityHashMap$KeyIterator done
Event: 13.010 Thread 0x0000018d5f6f4000 Thread added: 0x0000018d5f6f4000
Event: 13.010 Thread 0x0000018d5f6f4800 Thread added: 0x0000018d5f6f4800
Event: 13.025 Thread 0x0000018d5f6f4800 Thread exited: 0x0000018d5f6f4800
Event: 13.026 Thread 0x0000018d5f6f4000 Thread exited: 0x0000018d5f6f4000
Event: 13.027 Thread 0x0000018d51981000 Thread exited: 0x0000018d51981000
Event: 13.029 Executing VM operation: Exit


Dynamic libraries:
0x00007ff67ef10000 - 0x00007ff67ef61000 	C:\Program Files\Eclipse Adoptium\jdk-8.0.402.6-hotspot\bin\javaw.exe
0x00007ffaaf930000 - 0x00007ffaafb28000 	C:\WINDOWS\SYSTEM32\ntdll.dll
0x00007ffaadd10000 - 0x00007ffaaddcd000 	C:\WINDOWS\System32\KERNEL32.DLL
0x00007ffaad290000 - 0x00007ffaad586000 	C:\WINDOWS\System32\KERNELBASE.dll
0x00007ffaaf140000 - 0x00007ffaaf1f0000 	C:\WINDOWS\System32\ADVAPI32.dll
0x00007ffaaf020000 - 0x00007ffaaf0be000 	C:\WINDOWS\System32\msvcrt.dll
0x00007ffaaeeb0000 - 0x00007ffaaef50000 	C:\WINDOWS\System32\sechost.dll
0x00007ffaaf250000 - 0x00007ffaaf373000 	C:\WINDOWS\System32\RPCRT4.dll
0x00007ffaad930000 - 0x00007ffaad957000 	C:\WINDOWS\System32\bcrypt.dll
0x00007ffaada30000 - 0x00007ffaadbcf000 	C:\WINDOWS\System32\USER32.dll
0x00007ffaad030000 - 0x00007ffaad052000 	C:\WINDOWS\System32\win32u.dll
0x00007ffaad9c0000 - 0x00007ffaad9eb000 	C:\WINDOWS\System32\GDI32.dll
0x00007ffaad810000 - 0x00007ffaad927000 	C:\WINDOWS\System32\gdi32full.dll
0x00007ffaad0f0000 - 0x00007ffaad18d000 	C:\WINDOWS\System32\msvcp_win.dll
0x00007ffaad190000 - 0x00007ffaad290000 	C:\WINDOWS\System32\ucrtbase.dll
0x00007ffa92180000 - 0x00007ffa9241a000 	C:\WINDOWS\WinSxS\amd64_microsoft.windows.common-controls_6595b64144ccf1df_6.0.19041.4355_none_60b8b9eb71f62e16\COMCTL32.dll
0x00007ffaaddd0000 - 0x00007ffaade02000 	C:\WINDOWS\System32\IMM32.DLL
0x00007ffaa8a60000 - 0x00007ffaa8a75000 	C:\Program Files\Eclipse Adoptium\jdk-8.0.402.6-hotspot\jre\bin\vcruntime140.dll
0x00007ffa9a850000 - 0x00007ffa9a8eb000 	C:\Program Files\Eclipse Adoptium\jdk-8.0.402.6-hotspot\jre\bin\msvcp140.dll
0x0000000074fd0000 - 0x0000000075829000 	C:\Program Files\Eclipse Adoptium\jdk-8.0.402.6-hotspot\jre\bin\server\jvm.dll
0x00007ffaada20000 - 0x00007ffaada28000 	C:\WINDOWS\System32\PSAPI.DLL
0x00007ffaa8af0000 - 0x00007ffaa8af9000 	C:\WINDOWS\SYSTEM32\WSOCK32.dll
0x00007ffaaf7a0000 - 0x00007ffaaf80b000 	C:\WINDOWS\System32\WS2_32.dll
0x00007ffa9d520000 - 0x00007ffa9d547000 	C:\WINDOWS\SYSTEM32\WINMM.dll
0x00007ffaa41d0000 - 0x00007ffaa41da000 	C:\WINDOWS\SYSTEM32\VERSION.dll
0x00007ffaab7f0000 - 0x00007ffaab802000 	C:\WINDOWS\SYSTEM32\kernel.appcore.dll
0x00007ffaa8570000 - 0x00007ffaa8580000 	C:\Program Files\Eclipse Adoptium\jdk-8.0.402.6-hotspot\jre\bin\verify.dll
0x00007ffaa5c00000 - 0x00007ffaa5c2b000 	C:\Program Files\Eclipse Adoptium\jdk-8.0.402.6-hotspot\jre\bin\java.dll
0x00007ffaa73c0000 - 0x00007ffaa73d8000 	C:\Program Files\Eclipse Adoptium\jdk-8.0.402.6-hotspot\jre\bin\zip.dll
0x00007ffaae590000 - 0x00007ffaaecfb000 	C:\WINDOWS\System32\SHELL32.dll
0x00007ffaab040000 - 0x00007ffaab7dd000 	C:\WINDOWS\SYSTEM32\windows.storage.dll
0x00007ffaaf3e0000 - 0x00007ffaaf733000 	C:\WINDOWS\System32\combase.dll
0x00007ffaac930000 - 0x00007ffaac95e000 	C:\WINDOWS\SYSTEM32\Wldp.dll
0x00007ffaaef50000 - 0x00007ffaaf01d000 	C:\WINDOWS\System32\OLEAUT32.dll
0x00007ffaadc60000 - 0x00007ffaadd0d000 	C:\WINDOWS\System32\SHCORE.dll
0x00007ffaaf1f0000 - 0x00007ffaaf245000 	C:\WINDOWS\System32\shlwapi.dll
0x00007ffaacf10000 - 0x00007ffaacf34000 	C:\WINDOWS\SYSTEM32\profapi.dll
0x0000000065580000 - 0x0000000065616000 	C:\Users\franc\AppData\Local\Temp\libgdxfranc\12dfaa03\gdx64.dll
0x00007ffaac890000 - 0x00007ffaac8a8000 	C:\WINDOWS\SYSTEM32\CRYPTSP.dll
0x00007ffaabfb0000 - 0x00007ffaabfe4000 	C:\WINDOWS\system32\rsaenh.dll
0x00007ffaacec0000 - 0x00007ffaaceee000 	C:\WINDOWS\SYSTEM32\USERENV.dll
0x00007ffaad060000 - 0x00007ffaad0e2000 	C:\WINDOWS\System32\bcryptprimitives.dll
0x00007ffaac880000 - 0x00007ffaac88c000 	C:\WINDOWS\SYSTEM32\CRYPTBASE.dll
0x00007ffaa66e0000 - 0x00007ffaa66fc000 	C:\Program Files\Eclipse Adoptium\jdk-8.0.402.6-hotspot\jre\bin\net.dll
0x00007ffaac690000 - 0x00007ffaac6fa000 	C:\WINDOWS\system32\mswsock.dll
0x00007ffaac370000 - 0x00007ffaac3ab000 	C:\WINDOWS\SYSTEM32\IPHLPAPI.DLL
0x00007ffaad9f0000 - 0x00007ffaad9f8000 	C:\WINDOWS\System32\NSI.dll
0x00007ffa9d320000 - 0x00007ffa9d337000 	C:\WINDOWS\SYSTEM32\dhcpcsvc6.DLL
0x00007ffa9d940000 - 0x00007ffa9d95d000 	C:\WINDOWS\SYSTEM32\dhcpcsvc.DLL
0x00007ffaac3b0000 - 0x00007ffaac47b000 	C:\WINDOWS\SYSTEM32\DNSAPI.dll
0x00007ffaa5e40000 - 0x00007ffaa5e53000 	C:\Program Files\Eclipse Adoptium\jdk-8.0.402.6-hotspot\jre\bin\nio.dll
0x0000000180000000 - 0x0000000180053000 	C:\Users\franc\AppData\Local\Temp\libgdxfranc\dc0f0009\lwjgl64.dll
0x00007ffa93ff0000 - 0x00007ffa94115000 	C:\WINDOWS\SYSTEM32\OPENGL32.dll
0x00007ffaa4790000 - 0x00007ffaa47bc000 	C:\WINDOWS\SYSTEM32\GLU32.dll
0x0000018d564d0000 - 0x0000018d56534000 	C:\Users\franc\AppData\Local\Temp\libgdxfranc\dc0f0009\OpenAL64.dll
0x00007ffaadec0000 - 0x00007ffaadfeb000 	C:\WINDOWS\System32\ole32.dll
0x00007ffaaa5f0000 - 0x00007ffaaa68e000 	C:\WINDOWS\system32\uxtheme.dll
0x00007ffaade10000 - 0x00007ffaadeb9000 	C:\WINDOWS\System32\clbcatq.dll
0x00007ffa9bf10000 - 0x00007ffa9bfac000 	C:\WINDOWS\SYSTEM32\dsound.dll
0x00007ffaace30000 - 0x00007ffaace7b000 	C:\WINDOWS\SYSTEM32\powrprof.dll
0x00007ffa9c000000 - 0x00007ffa9c026000 	C:\WINDOWS\SYSTEM32\winmmbase.dll
0x00007ffaace10000 - 0x00007ffaace22000 	C:\WINDOWS\SYSTEM32\UMPDC.dll
0x00007ffaa51f0000 - 0x00007ffaa5275000 	C:\WINDOWS\System32\MMDevApi.dll
0x00007ffaacc90000 - 0x00007ffaaccc3000 	C:\WINDOWS\System32\DEVOBJ.dll
0x00007ffaacfe0000 - 0x00007ffaad02e000 	C:\WINDOWS\System32\cfgmgr32.dll
0x00007ffaa5440000 - 0x00007ffaa55c1000 	C:\WINDOWS\SYSTEM32\AUDIOSES.DLL
0x00007ffaaa6d0000 - 0x00007ffaaa6e4000 	C:\WINDOWS\SYSTEM32\resourcepolicyclient.dll
0x00007ffaa6e00000 - 0x00007ffaa6eae000 	C:\WINDOWS\SYSTEM32\mscms.dll
0x00007ffaa6d70000 - 0x00007ffaa6d81000 	C:\WINDOWS\SYSTEM32\ColorAdapterClient.dll
0x00007ffaa3a80000 - 0x00007ffaa3ac3000 	C:\Windows\System32\Windows.Internal.Graphics.Display.DisplayColorManagement.dll
0x00007ffaae460000 - 0x00007ffaae574000 	C:\WINDOWS\System32\MSCTF.dll
0x00007ffaa4b80000 - 0x00007ffaa4c83000 	C:\Windows\System32\AppXDeploymentClient.dll
0x00007ffa4f380000 - 0x00007ffa5041d000 	C:\WINDOWS\System32\DriverStore\FileRepository\iigd_dch.inf_amd64_8378bbc5c6d71266\ig11icd64.dll
0x00007ffaaa7d0000 - 0x00007ffaaa7ff000 	C:\WINDOWS\system32\dwmapi.dll
0x00007ffaab860000 - 0x00007ffaab952000 	C:\WINDOWS\system32\dxgi.dll
0x00007ffa7b1f0000 - 0x00007ffa7b32c000 	C:\WINDOWS\System32\DriverStore\FileRepository\iigd_dch.inf_amd64_8378bbc5c6d71266\igdml64.dll
0x00007ffaa2890000 - 0x00007ffaa2c9a000 	C:\WINDOWS\System32\DriverStore\FileRepository\iigd_dch.inf_amd64_8378bbc5c6d71266\igdgmm64.dll
0x00007ffa9cc70000 - 0x00007ffa9cd69000 	C:\WINDOWS\SYSTEM32\textinputframework.dll
0x00007ffaaa1e0000 - 0x00007ffaaa2d2000 	C:\WINDOWS\System32\CoreMessaging.dll
0x00007ffaa9b00000 - 0x00007ffaa9e5b000 	C:\WINDOWS\System32\CoreUIComponents.dll
0x00007ffaac0d0000 - 0x00007ffaac103000 	C:\WINDOWS\SYSTEM32\ntmarta.dll
0x00007ffaa8b20000 - 0x00007ffaa8c77000 	C:\WINDOWS\SYSTEM32\wintypes.dll
0x00007ffaa48c0000 - 0x00007ffaa4903000 	C:\WINDOWS\SYSTEM32\icm32.dll
0x00007ffa9e130000 - 0x00007ffaa27a0000 	C:\WINDOWS\System32\DriverStore\FileRepository\iigd_dch.inf_amd64_8378bbc5c6d71266\igc64.dll
0x00007ffaaac10000 - 0x00007ffaaadf4000 	C:\WINDOWS\SYSTEM32\dbghelp.dll

VM Arguments:
jvm_args: -Duser.language=es_AR -Dfile.encoding=UTF-8 
java_command: org.uqbar.project.wollok.launch.WollokLauncher -requestsPort 0 -eventsPort 0 -folder -dontValidate -wf src/juego.wpgm
java_class_path (initial): C:\Users\franc\git\2024s1-tp-grupal-juego-grupo-6-2\bin;C:\Users\franc\OneDrive\Escritorio\Prog. con objetos\extraccion\plugins\com.ibm.icu_64.2.0.v20190507-1337.jar;C:\Users\franc\OneDrive\Escritorio\Prog. con objetos\extraccion\plugins\org.eclipse.xtext_2.20.0.v20191202-0915.jar;C:\Users\franc\OneDrive\Escritorio\Prog. con objetos\extraccion\plugins\org.eclipse.emf.ecore.xmi_2.16.0.v20190528-0725.jar;C:\Users\franc\OneDrive\Escritorio\Prog. con objetos\extraccion\plugins\org.eclipse.emf.ecore_2.20.0.v20190920-0401.jar;C:\Users\franc\OneDrive\Escritorio\Prog. con objetos\extraccion\plugins\org.eclipse.emf.common_2.17.0.v20190920-0401.jar;C:\Users\franc\OneDrive\Escritorio\Prog. con objetos\extraccion\plugins\org.antlr.runtime_3.2.0.v201101311130.jar;C:\Users\franc\OneDrive\Escritorio\Prog. con objetos\extraccion\plugins\com.google.inject_3.0.0.v201605172100.jar;C:\Users\franc\OneDrive\Escritorio\Prog. con objetos\extraccion\plugins\org.eclipse.emf.mwe.core_1.5.1.v20191121-1148.jar;C:\Users\franc\OneDrive\Escritorio\Prog. con objetos\extraccion\plugins\org.apache.commons.cli_1.2.0.v201404270220.jar;C:\Users\franc\OneDrive\Escritorio\Prog. con objetos\extraccion\plugins\org.eclipse.emf.mwe2.runtime_2.11.1.v20191121-1148.jar;C:\Users\franc\OneDrive\Escritorio\Prog. con objetos\extraccion\plugins\org.eclipse.emf.mwe.utils_1.5.1.v20191121-1148.jar;C:\Users\franc\OneDrive\Escritorio\Prog. con objetos\extraccion\plugins\org.eclipse.xtext.util_2.20.0.v20191202-0915.jar;C:\Users\franc\OneDrive\Escritorio\Prog. con objetos\extraccion\plugins\com.google.guava_27.1.0.v20190517-1946.jar;C:\Users\franc\OneDrive\Escritorio\Prog. con objetos\extraccion\plugins\javax.inject_1.0.0.v20091030.jar;C:\Users\franc\OneDrive\Escritorio\Prog. con objetos\extraccion\plugins\org.eclipse.xtext.generator_2.20.0.v20191202-0933.jar;C:\Users\franc\OneDrive\Escritorio\Prog. con objetos\extraccion\plugins\org.eclipse.xtext.xtext.generator_2.20.0.v20191202-0915.jar;C:\Use
Launcher Type: SUN_STANDARD

Environment Variables:
JAVA_HOME=C:\Program Files\Eclipse Adoptium\jdk-8.0.402.6-hotspot\
PATH=C:/Program Files/Eclipse Adoptium/jdk-8.0.402.6-hotspot/bin/../jre/bin/server;C:/Program Files/Eclipse Adoptium/jdk-8.0.402.6-hotspot/bin/../jre/bin;C:/Program Files/Eclipse Adoptium/jdk-8.0.402.6-hotspot/bin/../jre/lib/amd64;C:\Program Files\Eclipse Adoptium\jdk-8.0.402.6-hotspot\bin;C:\WINDOWS\system32;C:\WINDOWS;C:\WINDOWS\System32\Wbem;C:\WINDOWS\System32\WindowsPowerShell\v1.0\;C:\WINDOWS\System32\OpenSSH\;C:\Users\franc\AppData\Local\Microsoft\WindowsApps;;C:\Users\franc\AppData\Local\Programs\Microsoft VS Code\bin;C:\Users\franc\OneDrive\Escritorio\Prog. con objetos\extraccion;
USERNAME=franc
OS=Windows_NT
PROCESSOR_IDENTIFIER=Intel64 Family 6 Model 126 Stepping 5, GenuineIntel



---------------  S Y S T E M  ---------------

OS: Windows 10 , 64 bit Build 19041 (10.0.19041.3636)

CPU:total 4 (initial active 4) (2 cores per cpu, 2 threads per core) family 6 model 126 stepping 5, cmov, cx8, fxsr, mmx, sse, sse2, sse3, ssse3, sse4.1, sse4.2, popcnt, avx, avx2, aes, clmul, erms, 3dnowpref, lzcnt, ht, tsc, tscinvbit, bmi1, bmi2, adx

Memory: 4k page, physical 12336244k(5940248k free), swap 14236788k(6852204k free)

vm_info: OpenJDK 64-Bit Server VM (25.402-b06) for windows-amd64 JRE (1.8.0_402-b06), built on Jan 16 2024 21:53:06 by "jenkins" with MS VC++ 15.9 (VS2017)

time: Wed Jun 12 23:59:40 2024
timezone: Hora estándar de Argentina
elapsed time: 13.085709 seconds (0d 0h 0m 13s)

