#
# A fatal error has been detected by the Java Runtime Environment:
#
#  EXCEPTION_ACCESS_VIOLATION (0xc0000005) at pc=0x0000024290291066, pid=2360, tid=0x00000000000051c0
#
# JRE version: OpenJDK Runtime Environment (8.0_382-b05) (build 1.8.0_382-b05)
# Java VM: OpenJDK 64-Bit Server VM (25.382-b05 mixed mode windows-amd64 compressed oops)
# Problematic frame:
# C  [OpenAL64.dll+0x11066]
#
# Failed to write core dump. Minidumps are not enabled by default on client versions of Windows
#
# If you would like to submit a bug report, please visit:
#   https://github.com/adoptium/adoptium-support/issues
# The crash happened outside the Java Virtual Machine in native code.
# See problematic frame for where to report the bug.
#

---------------  T H R E A D  ---------------

Current thread (0x00000242ee2c9800):  JavaThread "main" [_thread_in_native, id=20928, stack(0x0000008458000000,0x0000008458100000)]

siginfo: ExceptionCode=0xc0000005, reading address 0x000002428c74c004

Registers:
RAX=0x0000000000060007, RBX=0x00000242903a0090, RCX=0x000002428c74c008, RDX=0x000002428c74c004
RSP=0x00000084580fc7e0, RBP=0x00000000000000ff, RSI=0x000002428c74255c, RDI=0x0000000000000000
R8 =0x00000000000026aa, R9 =0x000002428c74255c, R10=0x00000242efcd9622, R11=0x0000000065758ee0
R12=0x0000000000000001, R13=0x000002428fda7e88, R14=0x00000084580fc980, R15=0x00000242ee2c9800
RIP=0x0000024290291066, EFLAGS=0x0000000000010202

Top of Stack: (sp=0x00000084580fc7e0)
0x00000084580fc7e0:   0000000000000000 00000242ee2c9800
0x00000084580fc7f0:   00000084580fc980 000002428fda7e88
0x00000084580fc800:   000002428fda7e88 0000000000000000
0x00000084580fc810:   00000242ee2c9800 0000000000000000
0x00000084580fc820:   00000084580fc948 00000000655ef1eb
0x00000084580fc830:   00000084580fc860 00000242efd1a2d3
0x00000084580fc840:   00000242ee2966d0 00000242ee2ca380
0x00000084580fc850:   00000242ee2c9800 00000084580fc980
0x00000084580fc860:   000002428fda7e88 0000000000000000
0x00000084580fc870:   000002428c74255c 0000000000000248
0x00000084580fc880:   00000084580fc948 000002429029248f
0x00000084580fc890:   00000242903a0090 00000242903a0090
0x00000084580fc8a0:   000002420000ac44 0000024200060007
0x00000084580fc8b0:   00000242efcc7bd0 00000242efcd964e
0x00000084580fc8c0:   000002428fda7e88 0000000000000248
0x00000084580fc8d0:   00000242efcc7bd0 00000242efcd935b 

Instructions: (pc=0x0000024290291066)
0x0000024290291046:   41 2b ec 81 3a 03 00 02 00 75 09 8b 01 89 84 24
0x0000024290291056:   c8 00 00 00 49 83 c0 02 48 83 c1 08 4a 8d 14 86
0x0000024290291066:   39 3a 75 af 4c 8d 84 24 c0 00 00 00 48 8d 15 d7
0x0000024290291076:   2b 03 00 33 c9 e8 58 5f 00 00 b8 40 1f 00 00 4c 


Register to memory mapping:

RAX=0x0000000000060007 is an unknown value
RBX=0x00000242903a0090 is an unknown value
RCX=0x000002428c74c008 is an unknown value
RDX=0x000002428c74c004 is an unknown value
RSP=0x00000084580fc7e0 is pointing into the stack for thread: 0x00000242ee2c9800
RBP=0x00000000000000ff is an unknown value
RSI=0x000002428c74255c is an unknown value
RDI=0x0000000000000000 is an unknown value
R8 =0x00000000000026aa is an unknown value
R9 =0x000002428c74255c is an unknown value
R10=0x00000242efcd9622 is at code_begin+962 in an Interpreter codelet
method entry point (kind = native)  [0x00000242efcd9260, 0x00000242efcd9d00]  2720 bytes
R11=0x0000000065758ee0 is an unknown value
R12=0x0000000000000001 is an unknown value
R13={method} {0x000002428fda7e90} 'nalcCreateContext' '(JJ)J' in 'org/lwjgl/openal/ALC10'
R14=0x00000084580fc980 is pointing into the stack for thread: 0x00000242ee2c9800
R15=0x00000242ee2c9800 is a thread


Stack: [0x0000008458000000,0x0000008458100000],  sp=0x00000084580fc7e0,  free space=1009k
Native frames: (J=compiled Java code, j=interpreted, Vv=VM code, C=native code)
C  [OpenAL64.dll+0x11066]
C  [OpenAL64.dll+0x1248f]
C  0x00000242efcd964e

Java frames: (J=compiled Java code, j=interpreted, Vv=VM code)
j  org.lwjgl.openal.ALC10.nalcCreateContext(JJ)J+0
j  org.lwjgl.openal.ALC10.alcCreateContext(Lorg/lwjgl/openal/ALCdevice;Ljava/nio/IntBuffer;)Lorg/lwjgl/openal/ALCcontext;+8
j  org.lwjgl.openal.AL.init(Ljava/lang/String;IIZZ)V+69
j  org.lwjgl.openal.AL.create(Ljava/lang/String;IIZZ)V+246
j  org.lwjgl.openal.AL.create(Ljava/lang/String;IIZ)V+5
j  org.lwjgl.openal.AL.create()V+6
j  com.badlogic.gdx.backends.lwjgl.audio.OpenALAudio.<init>(III)V+114
j  com.badlogic.gdx.backends.lwjgl.LwjglApplication.<init>(Lcom/badlogic/gdx/ApplicationListener;Lcom/badlogic/gdx/backends/lwjgl/LwjglApplicationConfiguration;Lcom/badlogic/gdx/backends/lwjgl/LwjglGraphics;)V+120
j  com.badlogic.gdx.backends.lwjgl.LwjglApplication.<init>(Lcom/badlogic/gdx/ApplicationListener;Lcom/badlogic/gdx/backends/lwjgl/LwjglApplicationConfiguration;)V+11
j  org.uqbar.project.wollok.game.gameboard.WollokGDXApplication.<init>(Lorg/uqbar/project/wollok/game/gameboard/Gameboard;Ljava/lang/Boolean;)V+17
j  org.uqbar.project.wollok.game.helpers.Application.start(Lorg/uqbar/project/wollok/game/gameboard/Gameboard;Ljava/lang/Boolean;)V+5
j  org.uqbar.project.wollok.game.gameboard.Gameboard.start(Ljava/lang/Boolean;)V+13
j  wollok.game.GameObject.doStart(Ljava/lang/Boolean;)V+12
v  ~StubRoutines::call_stub
J 3259  sun.reflect.NativeMethodAccessorImpl.invoke0(Ljava/lang/reflect/Method;Ljava/lang/Object;[Ljava/lang/Object;)Ljava/lang/Object; (0 bytes) @ 0x00000242f06d40ff [0x00000242f06d4080+0x7f]
J 3258 C1 sun.reflect.NativeMethodAccessorImpl.invoke(Ljava/lang/Object;[Ljava/lang/Object;)Ljava/lang/Object; (104 bytes) @ 0x00000242f06d4914 [0x00000242f06d4520+0x3f4]
J 2796 C1 sun.reflect.DelegatingMethodAccessorImpl.invoke(Ljava/lang/Object;[Ljava/lang/Object;)Ljava/lang/Object; (10 bytes) @ 0x00000242f05e2f8c [0x00000242f05e2e80+0x10c]
J 2795 C1 java.lang.reflect.Method.invoke(Ljava/lang/Object;[Ljava/lang/Object;)Ljava/lang/Object; (62 bytes) @ 0x00000242f05e3bb4 [0x00000242f05e37c0+0x3f4]
j  org.uqbar.project.wollok.ui.utils.XTendUtilExtensions.invokeConvertingArgs(Ljava/lang/reflect/Method;Ljava/lang/Object;[Ljava/lang/Object;)Lorg/uqbar/project/wollok/interpreter/core/WollokObject;+261
j  org.uqbar.project.wollok.interpreter.AbstractWollokCallable._invokeNative(Ljava/lang/Object;Ljava/lang/String;[Lorg/uqbar/project/wollok/interpreter/core/WollokObject;)Lorg/uqbar/project/wollok/interpreter/core/WollokObject;+41
j  org.uqbar.project.wollok.interpreter.AbstractWollokCallable.invokeNative(Ljava/lang/Object;Ljava/lang/String;[Lorg/uqbar/project/wollok/interpreter/core/WollokObject;)Lorg/uqbar/project/wollok/interpreter/core/WollokObject;+26
j  org.uqbar.project.wollok.interpreter.AbstractWollokCallable$1.apply()Lorg/uqbar/project/wollok/interpreter/core/WollokObject;+55
j  org.uqbar.project.wollok.interpreter.AbstractWollokCallable$1.apply()Ljava/lang/Object;+1
j  org.uqbar.project.wollok.interpreter.threads.WThread.performOnStack(Lorg/eclipse/emf/ecore/EObject;Lorg/uqbar/project/wollok/interpreter/context/EvaluationContext;Lorg/eclipse/xtext/xbase/lib/Functions$Function0;)Lorg/uqbar/project/wollok/interpreter/core/WollokObject;+29
j  org.uqbar.project.wollok.interpreter.WollokInterpreter.performOnStack(Lorg/eclipse/emf/ecore/EObject;Lorg/uqbar/project/wollok/interpreter/context/EvaluationContext;Lorg/eclipse/xtext/xbase/lib/Functions$Function0;)Lorg/uqbar/project/wollok/interpreter/core/WollokObject;+7
j  org.uqbar.project.wollok.interpreter.AbstractWollokCallable.call(Lorg/uqbar/project/wollok/wollokDsl/WMethodDeclaration;[Lorg/uqbar/project/wollok/interpreter/core/WollokObject;)Lorg/uqbar/project/wollok/interpreter/core/WollokObject;+38
j  org.uqbar.project.wollok.interpreter.core.WollokObject.call(Ljava/lang/String;[Lorg/uqbar/project/wollok/interpreter/core/WollokObject;)Lorg/uqbar/project/wollok/interpreter/core/WollokObject;+55
j  org.uqbar.project.wollok.interpreter.WollokInterpreterEvaluator._evaluate(Lorg/uqbar/project/wollok/wollokDsl/WFeatureCall;)Lorg/uqbar/project/wollok/interpreter/core/WollokObject;+119
J 3245 C1 org.uqbar.project.wollok.launch.WollokLauncherInterpreterEvaluator.evaluate(Lorg/eclipse/emf/ecore/EObject;)Lorg/uqbar/project/wollok/interpreter/core/WollokObject; (502 bytes) @ 0x00000242f06cb664 [0x00000242f06ca600+0x1064]
J 3358 C1 org.uqbar.project.wollok.interpreter.WollokInterpreter.eval(Lorg/eclipse/emf/ecore/EObject;)Lorg/uqbar/project/wollok/interpreter/core/WollokObject; (190 bytes) @ 0x00000242f06fc11c [0x00000242f06fbd00+0x41c]
J 3386 C1 org.uqbar.project.wollok.interpreter.WollokInterpreterEvaluator.eval(Lorg/eclipse/emf/ecore/EObject;)Lorg/uqbar/project/wollok/interpreter/core/WollokObject; (9 bytes) @ 0x00000242f070b5ac [0x00000242f070b540+0x6c]
j  org.uqbar.project.wollok.interpreter.WollokInterpreterEvaluator$1.apply(Lorg/uqbar/project/wollok/interpreter/core/WollokObject;Lorg/eclipse/emf/ecore/EObject;)Lorg/uqbar/project/wollok/interpreter/core/WollokObject;+5
j  org.uqbar.project.wollok.interpreter.WollokInterpreterEvaluator$1.apply(Ljava/lang/Object;Ljava/lang/Object;)Ljava/lang/Object;+9
J 3392 C1 org.eclipse.xtext.xbase.lib.IterableExtensions.fold(Ljava/lang/Iterable;Ljava/lang/Object;Lorg/eclipse/xtext/xbase/lib/Functions$Function2;)Ljava/lang/Object; (12 bytes) @ 0x00000242f070f93c [0x00000242f070f8a0+0x9c]
j  org.uqbar.project.wollok.interpreter.WollokInterpreterEvaluator.evalAll(Ljava/lang/Iterable;)Lorg/uqbar/project/wollok/interpreter/core/WollokObject;+12
j  org.uqbar.project.wollok.interpreter.WollokInterpreterEvaluator._evaluate(Lorg/uqbar/project/wollok/wollokDsl/WBlockExpression;)Lorg/uqbar/project/wollok/interpreter/core/WollokObject;+34
J 3245 C1 org.uqbar.project.wollok.launch.WollokLauncherInterpreterEvaluator.evaluate(Lorg/eclipse/emf/ecore/EObject;)Lorg/uqbar/project/wollok/interpreter/core/WollokObject; (502 bytes) @ 0x00000242f06cc274 [0x00000242f06ca600+0x1c74]
J 3358 C1 org.uqbar.project.wollok.interpreter.WollokInterpreter.eval(Lorg/eclipse/emf/ecore/EObject;)Lorg/uqbar/project/wollok/interpreter/core/WollokObject; (190 bytes) @ 0x00000242f06fc11c [0x00000242f06fbd00+0x41c]
j  org.uqbar.project.wollok.interpreter.AbstractWollokCallable.eval(Lorg/eclipse/emf/ecore/EObject;)Lorg/uqbar/project/wollok/interpreter/core/WollokObject;+5
j  org.uqbar.project.wollok.interpreter.AbstractWollokCallable$1.apply()Lorg/uqbar/project/wollok/interpreter/core/WollokObject;+110
j  org.uqbar.project.wollok.interpreter.AbstractWollokCallable$1.apply()Ljava/lang/Object;+1
j  org.uqbar.project.wollok.interpreter.threads.WThread.performOnStack(Lorg/eclipse/emf/ecore/EObject;Lorg/uqbar/project/wollok/interpreter/context/EvaluationContext;Lorg/eclipse/xtext/xbase/lib/Functions$Function0;)Lorg/uqbar/project/wollok/interpreter/core/WollokObject;+29
j  org.uqbar.project.wollok.interpreter.WollokInterpreter.performOnStack(Lorg/eclipse/emf/ecore/EObject;Lorg/uqbar/project/wollok/interpreter/context/EvaluationContext;Lorg/eclipse/xtext/xbase/lib/Functions$Function0;)Lorg/uqbar/project/wollok/interpreter/core/WollokObject;+7
j  org.uqbar.project.wollok.interpreter.AbstractWollokCallable.call(Lorg/uqbar/project/wollok/wollokDsl/WMethodDeclaration;[Lorg/uqbar/project/wollok/interpreter/core/WollokObject;)Lorg/uqbar/project/wollok/interpreter/core/WollokObject;+38
j  org.uqbar.project.wollok.interpreter.core.WollokObject.call(Ljava/lang/String;[Lorg/uqbar/project/wollok/interpreter/core/WollokObject;)Lorg/uqbar/project/wollok/interpreter/core/WollokObject;+55
j  org.uqbar.project.wollok.interpreter.WollokInterpreterEvaluator._evaluate(Lorg/uqbar/project/wollok/wollokDsl/WFeatureCall;)Lorg/uqbar/project/wollok/interpreter/core/WollokObject;+119
J 3245 C1 org.uqbar.project.wollok.launch.WollokLauncherInterpreterEvaluator.evaluate(Lorg/eclipse/emf/ecore/EObject;)Lorg/uqbar/project/wollok/interpreter/core/WollokObject; (502 bytes) @ 0x00000242f06cb664 [0x00000242f06ca600+0x1064]
J 3358 C1 org.uqbar.project.wollok.interpreter.WollokInterpreter.eval(Lorg/eclipse/emf/ecore/EObject;)Lorg/uqbar/project/wollok/interpreter/core/WollokObject; (190 bytes) @ 0x00000242f06fc11c [0x00000242f06fbd00+0x41c]
J 3386 C1 org.uqbar.project.wollok.interpreter.WollokInterpreterEvaluator.eval(Lorg/eclipse/emf/ecore/EObject;)Lorg/uqbar/project/wollok/interpreter/core/WollokObject; (9 bytes) @ 0x00000242f070b5ac [0x00000242f070b540+0x6c]
j  org.uqbar.project.wollok.interpreter.WollokInterpreterEvaluator$1.apply(Lorg/uqbar/project/wollok/interpreter/core/WollokObject;Lorg/eclipse/emf/ecore/EObject;)Lorg/uqbar/project/wollok/interpreter/core/WollokObject;+5
j  org.uqbar.project.wollok.interpreter.WollokInterpreterEvaluator$1.apply(Ljava/lang/Object;Ljava/lang/Object;)Ljava/lang/Object;+9
j  org.eclipse.xtext.xbase.lib.IteratorExtensions.fold(Ljava/util/Iterator;Ljava/lang/Object;Lorg/eclipse/xtext/xbase/lib/Functions$Function2;)Ljava/lang/Object;+19
j  org.eclipse.xtext.xbase.lib.IterableExtensions.fold(Ljava/lang/Iterable;Ljava/lang/Object;Lorg/eclipse/xtext/xbase/lib/Functions$Function2;)Ljava/lang/Object;+8
j  org.uqbar.project.wollok.interpreter.WollokInterpreterEvaluator.evalAll(Ljava/lang/Iterable;)Lorg/uqbar/project/wollok/interpreter/core/WollokObject;+12
j  org.uqbar.project.wollok.interpreter.WollokInterpreterEvaluator._evaluate(Lorg/uqbar/project/wollok/wollokDsl/WProgram;)Lorg/uqbar/project/wollok/interpreter/core/WollokObject;+18
j  org.uqbar.project.wollok.launch.WollokLauncherInterpreterEvaluator.evaluate(Lorg/eclipse/emf/ecore/EObject;)Lorg/uqbar/project/wollok/interpreter/core/WollokObject;+444
j  org.uqbar.project.wollok.interpreter.WollokInterpreterEvaluator.evaluate(Lorg/eclipse/emf/ecore/EObject;)Ljava/lang/Object;+2
j  org.uqbar.project.wollok.interpreter.WollokInterpreter.eval(Lorg/eclipse/emf/ecore/EObject;)Lorg/uqbar/project/wollok/interpreter/core/WollokObject;+63
j  org.uqbar.project.wollok.interpreter.WollokInterpreterEvaluator.eval(Lorg/eclipse/emf/ecore/EObject;)Lorg/uqbar/project/wollok/interpreter/core/WollokObject;+5
j  org.uqbar.project.wollok.launch.WollokLauncherInterpreterEvaluator._evaluate(Lorg/uqbar/project/wollok/wollokDsl/WFile;)Lorg/uqbar/project/wollok/interpreter/core/WollokObject;+32
j  org.uqbar.project.wollok.launch.WollokLauncherInterpreterEvaluator.evaluate(Lorg/eclipse/emf/ecore/EObject;)Lorg/uqbar/project/wollok/interpreter/core/WollokObject;+428
j  org.uqbar.project.wollok.interpreter.WollokInterpreterEvaluator.evaluate(Lorg/eclipse/emf/ecore/EObject;)Ljava/lang/Object;+2
j  org.uqbar.project.wollok.interpreter.WollokInterpreter.interpret(Lorg/eclipse/emf/ecore/EObject;Ljava/lang/Boolean;)Lorg/uqbar/project/wollok/interpreter/core/WollokObject;+25
j  org.uqbar.project.wollok.interpreter.WollokInterpreter.interpret(Lorg/eclipse/emf/ecore/EObject;)Lorg/uqbar/project/wollok/interpreter/core/WollokObject;+8
j  org.uqbar.project.wollok.launch.WollokLauncher.doSomething(Lorg/uqbar/project/wollok/wollokDsl/WFile;Lcom/google/inject/Injector;Ljava/io/File;Lorg/uqbar/project/wollok/launch/WollokLauncherParameters;)V+109
j  org.uqbar.project.wollok.launch.WollokChecker.launch(Ljava/lang/String;Lorg/uqbar/project/wollok/launch/WollokLauncherParameters;)V+31
j  org.uqbar.project.wollok.launch.WollokChecker.doMain([Ljava/lang/String;)V+205
j  org.uqbar.project.wollok.launch.WollokLauncher.main([Ljava/lang/String;)V+8
v  ~StubRoutines::call_stub

---------------  P R O C E S S  ---------------

Java Threads: ( => current thread )
  0x000002428c425800 JavaThread "com.google.inject.internal.util.$Finalizer" daemon [_thread_blocked, id=10068, stack(0x0000008459700000,0x0000008459800000)]
  0x000002428c35a800 JavaThread "EMF Reference Cleaner" daemon [_thread_blocked, id=17900, stack(0x0000008459600000,0x0000008459700000)]
  0x000002428916d800 JavaThread "Service Thread" daemon [_thread_blocked, id=21336, stack(0x0000008459400000,0x0000008459500000)]
  0x000002428b5d8800 JavaThread "C1 CompilerThread3" daemon [_thread_blocked, id=21916, stack(0x0000008459300000,0x0000008459400000)]
  0x0000024289157000 JavaThread "C2 CompilerThread2" daemon [_thread_blocked, id=3288, stack(0x0000008459200000,0x0000008459300000)]
  0x0000024289154000 JavaThread "C2 CompilerThread1" daemon [_thread_blocked, id=20088, stack(0x0000008459100000,0x0000008459200000)]
  0x0000024289152000 JavaThread "C2 CompilerThread0" daemon [_thread_blocked, id=14208, stack(0x0000008459000000,0x0000008459100000)]
  0x0000024289147000 JavaThread "Attach Listener" daemon [_thread_blocked, id=8716, stack(0x0000008458f00000,0x0000008459000000)]
  0x0000024289146000 JavaThread "Signal Dispatcher" daemon [_thread_blocked, id=22364, stack(0x0000008458e00000,0x0000008458f00000)]
  0x000002428911e800 JavaThread "Finalizer" daemon [_thread_blocked, id=21892, stack(0x0000008458d00000,0x0000008458e00000)]
  0x0000024289117800 JavaThread "Reference Handler" daemon [_thread_blocked, id=21752, stack(0x0000008458c00000,0x0000008458d00000)]
=>0x00000242ee2c9800 JavaThread "main" [_thread_in_native, id=20928, stack(0x0000008458000000,0x0000008458100000)]

Other Threads:
  0x00000242890ee800 VMThread [stack: 0x0000008458b00000,0x0000008458c00000] [id=5648]
  0x000002428b662800 WatcherThread [stack: 0x0000008459500000,0x0000008459600000] [id=7892]

VM state:not at safepoint (normal execution)

VM Mutex/Monitor currently owned by a thread: None

heap address: 0x00000006c1200000, size: 4078 MB, Compressed Oops mode: Zero based, Oop shift amount: 3
Narrow klass base: 0x0000000000000000, Narrow klass shift: 3
Compressed class space size: 1073741824 Address: 0x00000007c0000000

Heap:
 PSYoungGen      total 141824K, used 28041K [0x000000076b100000, 0x000000077c600000, 0x00000007c0000000)
  eden space 131072K, 21% used [0x000000076b100000,0x000000076cc62578,0x0000000773100000)
  from space 10752K, 0% used [0x0000000773100000,0x0000000773100000,0x0000000773b80000)
  to   space 10752K, 0% used [0x000000077bb80000,0x000000077bb80000,0x000000077c600000)
 ParOldGen       total 131072K, used 18049K [0x00000006c1200000, 0x00000006c9200000, 0x000000076b100000)
  object space 131072K, 13% used [0x00000006c1200000,0x00000006c23a0488,0x00000006c9200000)
 Metaspace       used 22121K, capacity 22434K, committed 22704K, reserved 1069056K
  class space    used 2776K, capacity 2879K, committed 2944K, reserved 1048576K

Card table byte_map: [0x00000242ff080000,0x00000242ff880000] byte_map_base: 0x00000242fba77000

Marking Bits: (ParMarkBitMap*) 0x0000000065d2f810
 Begin Bits: [0x0000024280000000, 0x0000024283fb8000)
 End Bits:   [0x0000024283fb8000, 0x0000024287f70000)

Polling page: 0x00000242ee250000

CodeCache: size=245760Kb used=11049Kb max_used=11070Kb free=234710Kb
 bounds [0x00000242efcc0000, 0x00000242f07a0000, 0x00000242fecc0000]
 total_blobs=3942 nmethods=3489 adapters=365
 compilation: enabled

Compilation events (10 events):
Event: 1.457 Thread 0x000002428b5d8800 3485       3       java.nio.DirectByteBuffer::put (18 bytes)
Event: 1.457 Thread 0x000002428b5d8800 nmethod 3485 0x00000242f0789b50 code [0x00000242f0789cc0, 0x00000242f0789f38]
Event: 1.457 Thread 0x000002428b5d8800 3486       3       java.nio.DirectByteBuffer::ix (10 bytes)
Event: 1.457 Thread 0x000002428b5d8800 nmethod 3486 0x00000242f0789810 code [0x00000242f0789960, 0x00000242f0789ab8]
Event: 1.457 Thread 0x000002428b5d8800 3488       3       java.nio.DirectByteBuffer::put (18 bytes)
Event: 1.458 Thread 0x000002428b5d8800 nmethod 3488 0x00000242f0789310 code [0x00000242f0789480, 0x00000242f07896f8]
Event: 1.458 Thread 0x000002428b5d8800 3489       1       java.nio.DirectByteBuffer::ix (10 bytes)
Event: 1.458 Thread 0x000002428b5d8800 nmethod 3489 0x00000242f0789050 code [0x00000242f07891a0, 0x00000242f07892b8]
Event: 1.458 Thread 0x0000024289152000 nmethod 3483 0x00000242f0787590 code [0x00000242f0787700, 0x00000242f0787950]
Event: 1.462 Thread 0x0000024289157000 nmethod 3481% 0x00000242f078ff90 code [0x00000242f0790180, 0x00000242f0791bf0]

GC Heap History (8 events):
Event: 0.464 GC heap before
{Heap before GC invocations=1 (full 0):
 PSYoungGen      total 76288K, used 65536K [0x000000076b100000, 0x0000000770600000, 0x00000007c0000000)
  eden space 65536K, 100% used [0x000000076b100000,0x000000076f100000,0x000000076f100000)
  from space 10752K, 0% used [0x000000076fb80000,0x000000076fb80000,0x0000000770600000)
  to   space 10752K, 0% used [0x000000076f100000,0x000000076f100000,0x000000076fb80000)
 ParOldGen       total 175104K, used 0K [0x00000006c1200000, 0x00000006cbd00000, 0x000000076b100000)
  object space 175104K, 0% used [0x00000006c1200000,0x00000006c1200000,0x00000006cbd00000)
 Metaspace       used 10177K, capacity 10324K, committed 10624K, reserved 1058816K
  class space    used 1213K, capacity 1288K, committed 1408K, reserved 1048576K
Event: 0.469 GC heap after
Heap after GC invocations=1 (full 0):
 PSYoungGen      total 76288K, used 10732K [0x000000076b100000, 0x0000000774600000, 0x00000007c0000000)
  eden space 65536K, 0% used [0x000000076b100000,0x000000076b100000,0x000000076f100000)
  from space 10752K, 99% used [0x000000076f100000,0x000000076fb7b3e0,0x000000076fb80000)
  to   space 10752K, 0% used [0x0000000773b80000,0x0000000773b80000,0x0000000774600000)
 ParOldGen       total 175104K, used 3875K [0x00000006c1200000, 0x00000006cbd00000, 0x000000076b100000)
  object space 175104K, 2% used [0x00000006c1200000,0x00000006c15c8c80,0x00000006cbd00000)
 Metaspace       used 10177K, capacity 10324K, committed 10624K, reserved 1058816K
  class space    used 1213K, capacity 1288K, committed 1408K, reserved 1048576K
}
Event: 0.881 GC heap before
{Heap before GC invocations=2 (full 0):
 PSYoungGen      total 76288K, used 76268K [0x000000076b100000, 0x0000000774600000, 0x00000007c0000000)
  eden space 65536K, 100% used [0x000000076b100000,0x000000076f100000,0x000000076f100000)
  from space 10752K, 99% used [0x000000076f100000,0x000000076fb7b3e0,0x000000076fb80000)
  to   space 10752K, 0% used [0x0000000773b80000,0x0000000773b80000,0x0000000774600000)
 ParOldGen       total 175104K, used 3875K [0x00000006c1200000, 0x00000006cbd00000, 0x000000076b100000)
  object space 175104K, 2% used [0x00000006c1200000,0x00000006c15c8c80,0x00000006cbd00000)
 Metaspace       used 17529K, capacity 17686K, committed 18048K, reserved 1064960K
  class space    used 2242K, capacity 2323K, committed 2432K, reserved 1048576K
Event: 0.888 GC heap after
Heap after GC invocations=2 (full 0):
 PSYoungGen      total 141824K, used 10725K [0x000000076b100000, 0x0000000774600000, 0x00000007c0000000)
  eden space 131072K, 0% used [0x000000076b100000,0x000000076b100000,0x0000000773100000)
  from space 10752K, 99% used [0x0000000773b80000,0x00000007745f9658,0x0000000774600000)
  to   space 10752K, 0% used [0x0000000773100000,0x0000000773100000,0x0000000773b80000)
 ParOldGen       total 175104K, used 11938K [0x00000006c1200000, 0x00000006cbd00000, 0x000000076b100000)
  object space 175104K, 6% used [0x00000006c1200000,0x00000006c1da8ad8,0x00000006cbd00000)
 Metaspace       used 17529K, capacity 17686K, committed 18048K, reserved 1064960K
  class space    used 2242K, capacity 2323K, committed 2432K, reserved 1048576K
}
Event: 1.256 GC heap before
{Heap before GC invocations=3 (full 0):
 PSYoungGen      total 141824K, used 55610K [0x000000076b100000, 0x0000000774600000, 0x00000007c0000000)
  eden space 131072K, 34% used [0x000000076b100000,0x000000076dcd54c0,0x0000000773100000)
  from space 10752K, 99% used [0x0000000773b80000,0x00000007745f9658,0x0000000774600000)
  to   space 10752K, 0% used [0x0000000773100000,0x0000000773100000,0x0000000773b80000)
 ParOldGen       total 175104K, used 11938K [0x00000006c1200000, 0x00000006cbd00000, 0x000000076b100000)
  object space 175104K, 6% used [0x00000006c1200000,0x00000006c1da8ad8,0x00000006cbd00000)
 Metaspace       used 20878K, capacity 21182K, committed 21296K, reserved 1069056K
  class space    used 2655K, capacity 2745K, committed 2816K, reserved 1048576K
Event: 1.262 GC heap after
Heap after GC invocations=3 (full 0):
 PSYoungGen      total 141824K, used 10741K [0x000000076b100000, 0x000000077c600000, 0x00000007c0000000)
  eden space 131072K, 0% used [0x000000076b100000,0x000000076b100000,0x0000000773100000)
  from space 10752K, 99% used [0x0000000773100000,0x0000000773b7d688,0x0000000773b80000)
  to   space 10752K, 0% used [0x000000077bb80000,0x000000077bb80000,0x000000077c600000)
 ParOldGen       total 175104K, used 17999K [0x00000006c1200000, 0x00000006cbd00000, 0x000000076b100000)
  object space 175104K, 10% used [0x00000006c1200000,0x00000006c2393de0,0x00000006cbd00000)
 Metaspace       used 20878K, capacity 21182K, committed 21296K, reserved 1069056K
  class space    used 2655K, capacity 2745K, committed 2816K, reserved 1048576K
}
Event: 1.262 GC heap before
{Heap before GC invocations=4 (full 1):
 PSYoungGen      total 141824K, used 10741K [0x000000076b100000, 0x000000077c600000, 0x00000007c0000000)
  eden space 131072K, 0% used [0x000000076b100000,0x000000076b100000,0x0000000773100000)
  from space 10752K, 99% used [0x0000000773100000,0x0000000773b7d688,0x0000000773b80000)
  to   space 10752K, 0% used [0x000000077bb80000,0x000000077bb80000,0x000000077c600000)
 ParOldGen       total 175104K, used 17999K [0x00000006c1200000, 0x00000006cbd00000, 0x000000076b100000)
  object space 175104K, 10% used [0x00000006c1200000,0x00000006c2393de0,0x00000006cbd00000)
 Metaspace       used 20878K, capacity 21182K, committed 21296K, reserved 1069056K
  class space    used 2655K, capacity 2745K, committed 2816K, reserved 1048576K
Event: 1.289 GC heap after
Heap after GC invocations=4 (full 1):
 PSYoungGen      total 141824K, used 0K [0x000000076b100000, 0x000000077c600000, 0x00000007c0000000)
  eden space 131072K, 0% used [0x000000076b100000,0x000000076b100000,0x0000000773100000)
  from space 10752K, 0% used [0x0000000773100000,0x0000000773100000,0x0000000773b80000)
  to   space 10752K, 0% used [0x000000077bb80000,0x000000077bb80000,0x000000077c600000)
 ParOldGen       total 131072K, used 18049K [0x00000006c1200000, 0x00000006c9200000, 0x000000076b100000)
  object space 131072K, 13% used [0x00000006c1200000,0x00000006c23a0488,0x00000006c9200000)
 Metaspace       used 20878K, capacity 21182K, committed 21296K, reserved 1069056K
  class space    used 2655K, capacity 2745K, committed 2816K, reserved 1048576K
}

Deoptimization events (10 events):
Event: 1.199 Thread 0x00000242ee2c9800 Uncommon trap: reason=unstable_if action=reinterpret pc=0x00000242f01a35fc method=java.util.concurrent.ConcurrentHashMap.putVal(Ljava/lang/Object;Ljava/lang/Object;Z)Ljava/lang/Object; @ 181
Event: 1.215 Thread 0x00000242ee2c9800 Uncommon trap: reason=unstable_if action=reinterpret pc=0x00000242f004ab44 method=java.lang.ref.SoftReference.get()Ljava/lang/Object; @ 17
Event: 1.331 Thread 0x00000242ee2c9800 Uncommon trap: reason=unstable_if action=reinterpret pc=0x00000242f0638b84 method=org.eclipse.emf.common.notify.impl.BasicNotifierImpl$EAdapterList.getAdapterForType(Ljava/lang/Object;)Lorg/eclipse/emf/common/notify/Adapter; @ 50
Event: 1.331 Thread 0x00000242ee2c9800 Uncommon trap: reason=unstable_if action=reinterpret pc=0x00000242f05edaa0 method=org.eclipse.xtext.naming.QualifiedName.create([Ljava/lang/String;)Lorg/eclipse/xtext/naming/QualifiedName; @ 16
Event: 1.374 Thread 0x00000242ee2c9800 Uncommon trap: reason=array_check action=maybe_recompile pc=0x00000242f0714930 method=java.util.AbstractCollection.toArray([Ljava/lang/Object;)[Ljava/lang/Object; @ 119
Event: 1.377 Thread 0x00000242ee2c9800 Uncommon trap: reason=array_check action=maybe_recompile pc=0x00000242f0714930 method=java.util.AbstractCollection.toArray([Ljava/lang/Object;)[Ljava/lang/Object; @ 119
Event: 1.379 Thread 0x00000242ee2c9800 Uncommon trap: reason=array_check action=maybe_recompile pc=0x00000242f0714930 method=java.util.AbstractCollection.toArray([Ljava/lang/Object;)[Ljava/lang/Object; @ 119
Event: 1.396 Thread 0x00000242ee2c9800 Uncommon trap: reason=unstable_if action=reinterpret pc=0x00000242f000291c method=java.io.WinNTFileSystem.normalize(Ljava/lang/String;)Ljava/lang/String; @ 49
Event: 1.403 Thread 0x00000242ee2c9800 Uncommon trap: reason=unstable_if action=reinterpret pc=0x00000242f006d318 method=java.lang.ThreadLocal$ThreadLocalMap.getEntry(Ljava/lang/ThreadLocal;)Ljava/lang/ThreadLocal$ThreadLocalMap$Entry; @ 29
Event: 1.406 Thread 0x00000242ee2c9800 Uncommon trap: reason=predicate action=maybe_recompile pc=0x00000242f00ff62c method=java.lang.String.regionMatches(ZILjava/lang/String;II)Z @ 63

Classes redefined (0 events):
No events

Internal exceptions (10 events):
Event: 1.251 Thread 0x00000242ee2c9800 Exception <a 'java/lang/reflect/InvocationTargetException'> (0x000000076dbc69d8) thrown at [J:\jenkins\tmp\workspace\build\src\hotspot\src\share\vm\runtime\reflection.cpp, line 1092]
Event: 1.252 Thread 0x00000242ee2c9800 Exception <a 'java/lang/reflect/InvocationTargetException'> (0x000000076dbe2dc0) thrown at [J:\jenkins\tmp\workspace\build\src\hotspot\src\share\vm\runtime\reflection.cpp, line 1092]
Event: 1.252 Thread 0x00000242ee2c9800 Exception <a 'java/lang/reflect/InvocationTargetException'> (0x000000076dbff2c8) thrown at [J:\jenkins\tmp\workspace\build\src\hotspot\src\share\vm\runtime\reflection.cpp, line 1092]
Event: 1.330 Thread 0x00000242ee2c9800 Exception <a 'java/io/FileNotFoundException'> (0x000000076bac4b40) thrown at [J:\jenkins\tmp\workspace\build\src\hotspot\src\share\vm\prims\jni.cpp, line 709]
Event: 1.461 Thread 0x00000242ee2c9800 Exception <a 'java/security/PrivilegedActionException'> (0x000000076c96fb18) thrown at [J:\jenkins\tmp\workspace\build\src\hotspot\src\share\vm\prims\jvm.cpp, line 1514]
Event: 1.461 Thread 0x00000242ee2c9800 Exception <a 'java/security/PrivilegedActionException'> (0x000000076c971048) thrown at [J:\jenkins\tmp\workspace\build\src\hotspot\src\share\vm\prims\jvm.cpp, line 1514]
Event: 1.461 Thread 0x00000242ee2c9800 Exception <a 'java/security/PrivilegedActionException'> (0x000000076c972478) thrown at [J:\jenkins\tmp\workspace\build\src\hotspot\src\share\vm\prims\jvm.cpp, line 1514]
Event: 1.461 Thread 0x00000242ee2c9800 Exception <a 'java/security/PrivilegedActionException'> (0x000000076c973b38) thrown at [J:\jenkins\tmp\workspace\build\src\hotspot\src\share\vm\prims\jvm.cpp, line 1514]
Event: 1.461 Thread 0x00000242ee2c9800 Exception <a 'java/security/PrivilegedActionException'> (0x000000076c974f30) thrown at [J:\jenkins\tmp\workspace\build\src\hotspot\src\share\vm\prims\jvm.cpp, line 1514]
Event: 1.461 Thread 0x00000242ee2c9800 Exception <a 'java/security/PrivilegedActionException'> (0x000000076c9762f8) thrown at [J:\jenkins\tmp\workspace\build\src\hotspot\src\share\vm\prims\jvm.cpp, line 1514]

Events (10 events):
Event: 1.475 loading class org/lwjgl/openal/ALCdevice
Event: 1.475 loading class org/lwjgl/openal/ALCdevice done
Event: 1.475 loading class org/lwjgl/openal/ALCcontext
Event: 1.475 loading class org/lwjgl/openal/ALCcontext done
Event: 1.475 loading class java/nio/DirectIntBufferU
Event: 1.475 loading class java/nio/DirectIntBufferU done
Event: 1.475 loading class org/lwjgl/openal/Util
Event: 1.475 loading class org/lwjgl/openal/Util done
Event: 1.476 loading class org/lwjgl/openal/OpenALException
Event: 1.476 loading class org/lwjgl/openal/OpenALException done


Dynamic libraries:
0x00007ff641d30000 - 0x00007ff641d76000 	C:\Program Files\Eclipse Adoptium\jdk-8.0.382.5-hotspot\bin\javaw.exe
0x00007ffa37990000 - 0x00007ffa37b88000 	C:\Windows\SYSTEM32\ntdll.dll
0x00007ffa170d0000 - 0x00007ffa170e9000 	C:\Program Files\Avast Software\Avast\aswhook.dll
0x00007ffa36110000 - 0x00007ffa361cd000 	C:\Windows\System32\KERNEL32.DLL
0x00007ffa351a0000 - 0x00007ffa35496000 	C:\Windows\System32\KERNELBASE.dll
0x00007ffa36db0000 - 0x00007ffa36e60000 	C:\Windows\System32\ADVAPI32.dll
0x00007ffa36c90000 - 0x00007ffa36d2e000 	C:\Windows\System32\msvcrt.dll
0x00007ffa37520000 - 0x00007ffa375c0000 	C:\Windows\System32\sechost.dll
0x00007ffa373f0000 - 0x00007ffa37513000 	C:\Windows\System32\RPCRT4.dll
0x00007ffa35140000 - 0x00007ffa35167000 	C:\Windows\System32\bcrypt.dll
0x00007ffa37040000 - 0x00007ffa371df000 	C:\Windows\System32\USER32.dll
0x00007ffa35170000 - 0x00007ffa35192000 	C:\Windows\System32\win32u.dll
0x00007ffa36250000 - 0x00007ffa3627b000 	C:\Windows\System32\GDI32.dll
0x00007ffa35770000 - 0x00007ffa35887000 	C:\Windows\System32\gdi32full.dll
0x00007ffa350a0000 - 0x00007ffa3513d000 	C:\Windows\System32\msvcp_win.dll
0x00007ffa354a0000 - 0x00007ffa355a0000 	C:\Windows\System32\ucrtbase.dll
0x00007ffa25110000 - 0x00007ffa253aa000 	C:\Windows\WinSxS\amd64_microsoft.windows.common-controls_6595b64144ccf1df_6.0.19041.4355_none_60b8b9eb71f62e16\COMCTL32.dll
0x00007ffa37920000 - 0x00007ffa3794f000 	C:\Windows\System32\IMM32.DLL
0x00007ffa27920000 - 0x00007ffa27935000 	C:\Program Files\Eclipse Adoptium\jdk-8.0.382.5-hotspot\jre\bin\vcruntime140.dll
0x00007ff9eddb0000 - 0x00007ff9ede4b000 	C:\Program Files\Eclipse Adoptium\jdk-8.0.382.5-hotspot\jre\bin\msvcp140.dll
0x0000000065550000 - 0x0000000065da8000 	C:\Program Files\Eclipse Adoptium\jdk-8.0.382.5-hotspot\jre\bin\server\jvm.dll
0x00007ffa36e60000 - 0x00007ffa36e68000 	C:\Windows\System32\PSAPI.DLL
0x00007ffa2be50000 - 0x00007ffa2be77000 	C:\Windows\SYSTEM32\WINMM.dll
0x00007ffa2d890000 - 0x00007ffa2d89a000 	C:\Windows\SYSTEM32\VERSION.dll
0x00007ffa2ba30000 - 0x00007ffa2ba39000 	C:\Windows\SYSTEM32\WSOCK32.dll
0x00007ffa36d40000 - 0x00007ffa36dab000 	C:\Windows\System32\WS2_32.dll
0x00007ffa32ef0000 - 0x00007ffa32f02000 	C:\Windows\SYSTEM32\kernel.appcore.dll
0x00007ffa32180000 - 0x00007ffa32190000 	C:\Program Files\Eclipse Adoptium\jdk-8.0.382.5-hotspot\jre\bin\verify.dll
0x00007ffa1df10000 - 0x00007ffa1df3b000 	C:\Program Files\Eclipse Adoptium\jdk-8.0.382.5-hotspot\jre\bin\java.dll
0x00007ffa31e70000 - 0x00007ffa31e88000 	C:\Program Files\Eclipse Adoptium\jdk-8.0.382.5-hotspot\jre\bin\zip.dll
0x00007ffa36430000 - 0x00007ffa36b9c000 	C:\Windows\System32\SHELL32.dll
0x00007ffa330f0000 - 0x00007ffa3388d000 	C:\Windows\SYSTEM32\windows.storage.dll
0x00007ffa375c0000 - 0x00007ffa37913000 	C:\Windows\System32\combase.dll
0x00007ffa34a70000 - 0x00007ffa34a9e000 	C:\Windows\SYSTEM32\Wldp.dll
0x00007ffa36360000 - 0x00007ffa3642d000 	C:\Windows\System32\OLEAUT32.dll
0x00007ffa36ee0000 - 0x00007ffa36f8d000 	C:\Windows\System32\SHCORE.dll
0x00007ffa371e0000 - 0x00007ffa37235000 	C:\Windows\System32\shlwapi.dll
0x00007ffa34f80000 - 0x00007ffa34fa4000 	C:\Windows\SYSTEM32\profapi.dll
0x0000000000040000 - 0x00000000000d6000 	C:\Users\Camila\AppData\Local\Temp\libgdxCamila\12dfaa03\gdx64.dll
0x00007ffa349d0000 - 0x00007ffa349e8000 	C:\Windows\SYSTEM32\CRYPTSP.dll
0x00007ffa34080000 - 0x00007ffa340b4000 	C:\Windows\system32\rsaenh.dll
0x00007ffa34ef0000 - 0x00007ffa34f1e000 	C:\Windows\SYSTEM32\USERENV.dll
0x00007ffa35890000 - 0x00007ffa35912000 	C:\Windows\System32\bcryptprimitives.dll
0x00007ffa349c0000 - 0x00007ffa349cc000 	C:\Windows\SYSTEM32\CRYPTBASE.dll
0x00007ffa2a640000 - 0x00007ffa2a65c000 	C:\Program Files\Eclipse Adoptium\jdk-8.0.382.5-hotspot\jre\bin\net.dll
0x00007ffa347d0000 - 0x00007ffa3483a000 	C:\Windows\system32\mswsock.dll
0x00007ffa34460000 - 0x00007ffa3449b000 	C:\Windows\SYSTEM32\IPHLPAPI.DLL
0x00007ffa36ed0000 - 0x00007ffa36ed8000 	C:\Windows\System32\NSI.dll
0x00007ffa31e30000 - 0x00007ffa31e47000 	C:\Windows\SYSTEM32\dhcpcsvc6.DLL
0x00007ffa31e10000 - 0x00007ffa31e2d000 	C:\Windows\SYSTEM32\dhcpcsvc.DLL
0x00007ffa344a0000 - 0x00007ffa3456a000 	C:\Windows\SYSTEM32\DNSAPI.dll
0x00007ffa2a1d0000 - 0x00007ffa2a1e3000 	C:\Program Files\Eclipse Adoptium\jdk-8.0.382.5-hotspot\jre\bin\nio.dll
0x0000000180000000 - 0x0000000180053000 	C:\Users\Camila\AppData\Local\Temp\libgdxCamila\dc0f0009\lwjgl64.dll
0x00007ff9defc0000 - 0x00007ff9df0e5000 	C:\Windows\SYSTEM32\OPENGL32.dll
0x00007ff9dee50000 - 0x00007ff9dee7c000 	C:\Windows\SYSTEM32\GLU32.dll
0x0000024290280000 - 0x00000242902e4000 	C:\Users\Camila\AppData\Local\Temp\libgdxCamila\dc0f0009\OpenAL64.dll
0x00007ffa35e60000 - 0x00007ffa35f8b000 	C:\Windows\System32\ole32.dll
0x00007ffa32970000 - 0x00007ffa32a0e000 	C:\Windows\system32\uxtheme.dll
0x00007ffa36f90000 - 0x00007ffa37039000 	C:\Windows\System32\clbcatq.dll
0x00007ff9ed3b0000 - 0x00007ff9ed44c000 	C:\Windows\SYSTEM32\dsound.dll
0x00007ffa345d0000 - 0x00007ffa3461b000 	C:\Windows\SYSTEM32\powrprof.dll
0x00007ffa20aa0000 - 0x00007ffa20ac6000 	C:\Windows\SYSTEM32\winmmbase.dll
0x00007ffa34440000 - 0x00007ffa34452000 	C:\Windows\SYSTEM32\UMPDC.dll
0x00007ffa2f5b0000 - 0x00007ffa2f635000 	C:\Windows\System32\MMDevApi.dll
0x00007ffa34dd0000 - 0x00007ffa34e03000 	C:\Windows\System32\DEVOBJ.dll
0x00007ffa35050000 - 0x00007ffa3509e000 	C:\Windows\System32\cfgmgr32.dll
0x00007ffa2ef30000 - 0x00007ffa2f0b1000 	C:\Windows\SYSTEM32\AUDIOSES.DLL
0x00007ffa2e5f0000 - 0x00007ffa2e7d4000 	C:\Windows\SYSTEM32\dbghelp.dll

VM Arguments:
jvm_args: -Duser.language=es_AR -Dfile.encoding=UTF-8 
java_command: org.uqbar.project.wollok.launch.WollokLauncher -requestsPort 0 -eventsPort 0 -folder -dontValidate -coercingStrategy decimals -wf src/juego.wpgm -darkMode
java_class_path (initial): C:\Users\Camila\git\2024s1-tp-grupal-juego-grupo-6-2\bin;C:\Users\Camila\Downloads\wollok-win32.win32.x86_64\plugins\com.ibm.icu_64.2.0.v20190507-1337.jar;C:\Users\Camila\Downloads\wollok-win32.win32.x86_64\plugins\org.eclipse.xtext_2.20.0.v20191202-0915.jar;C:\Users\Camila\Downloads\wollok-win32.win32.x86_64\plugins\org.eclipse.emf.ecore.xmi_2.16.0.v20190528-0725.jar;C:\Users\Camila\Downloads\wollok-win32.win32.x86_64\plugins\org.eclipse.emf.ecore_2.20.0.v20190920-0401.jar;C:\Users\Camila\Downloads\wollok-win32.win32.x86_64\plugins\org.eclipse.emf.common_2.17.0.v20190920-0401.jar;C:\Users\Camila\Downloads\wollok-win32.win32.x86_64\plugins\org.antlr.runtime_3.2.0.v201101311130.jar;C:\Users\Camila\Downloads\wollok-win32.win32.x86_64\plugins\com.google.inject_3.0.0.v201605172100.jar;C:\Users\Camila\Downloads\wollok-win32.win32.x86_64\plugins\org.eclipse.emf.mwe.core_1.5.1.v20191121-1148.jar;C:\Users\Camila\Downloads\wollok-win32.win32.x86_64\plugins\org.apache.commons.cli_1.2.0.v201404270220.jar;C:\Users\Camila\Downloads\wollok-win32.win32.x86_64\plugins\org.eclipse.emf.mwe2.runtime_2.11.1.v20191121-1148.jar;C:\Users\Camila\Downloads\wollok-win32.win32.x86_64\plugins\org.eclipse.emf.mwe.utils_1.5.1.v20191121-1148.jar;C:\Users\Camila\Downloads\wollok-win32.win32.x86_64\plugins\org.eclipse.xtext.util_2.20.0.v20191202-0915.jar;C:\Users\Camila\Downloads\wollok-win32.win32.x86_64\plugins\com.google.guava_27.1.0.v20190517-1946.jar;C:\Users\Camila\Downloads\wollok-win32.win32.x86_64\plugins\javax.inject_1.0.0.v20091030.jar;C:\Users\Camila\Downloads\wollok-win32.win32.x86_64\plugins\org.eclipse.xtext.generator_2.20.0.v20191202-0933.jar;C:\Users\Camila\Downloads\wollok-win32.win32.x86_64\plugins\org.eclipse.xtext.xtext.generator_2.20.0.v20191202-0915.jar;C:\Users\Camila\Downloads\wollok-win32.win32.x86_64\plugins\org.eclipse.xtext.xbase.lib_2.20.0.v20191202-0907.jar;C:\Users\Camila\Downloads\wollok-win32.win32.x86_64\plugins\org.eclipse.emf.codegen
Launcher Type: SUN_STANDARD

Environment Variables:
PATH=C:/Program Files/Eclipse Adoptium/jdk-8.0.382.5-hotspot/bin/../jre/bin/server;C:/Program Files/Eclipse Adoptium/jdk-8.0.382.5-hotspot/bin/../jre/bin;C:/Program Files/Eclipse Adoptium/jdk-8.0.382.5-hotspot/bin/../jre/lib/amd64;C:\Program Files\Eclipse Adoptium\jdk-8.0.382.5-hotspot\bin;C:\Windows\system32;C:\Windows;C:\Windows\System32\Wbem;C:\Windows\System32\WindowsPowerShell\v1.0\;C:\Windows\System32\OpenSSH\;C:\Program Files\dotnet\;C:\Users\Camila\AppData\Local\Microsoft\WindowsApps;;C:\Users\Camila\Downloads\wollok-win32.win32.x86_64;
USERNAME=Camila
OS=Windows_NT
PROCESSOR_IDENTIFIER=AMD64 Family 25 Model 33 Stepping 2, AuthenticAMD



---------------  S Y S T E M  ---------------

OS: Windows 10 , 64 bit Build 19041 (10.0.19041.3636)

CPU:total 12 (initial active 12) (12 cores per cpu, 1 threads per core) family 25 model 33 stepping 2, cmov, cx8, fxsr, mmx, sse, sse2, sse3, ssse3, sse4.1, sse4.2, popcnt, avx, avx2, aes, clmul, erms, mmxext, 3dnowpref, lzcnt, sse4a, tsc, tscinvbit, tscinv, bmi1

Memory: 4k page, physical 16699020k(7058688k free), swap 26136204k(7044416k free)

vm_info: OpenJDK 64-Bit Server VM (25.382-b05) for windows-amd64 JRE (1.8.0_382-b05), built on Jul 19 2023 15:37:29 by "jenkins" with MS VC++ 15.9 (VS2017)

time: Mon Jun 24 21:38:51 2024
timezone: Hora estándar de Argentina
elapsed time: 1.501495 seconds (0d 0h 0m 1s)

