#
# A fatal error has been detected by the Java Runtime Environment:
#
#  EXCEPTION_ACCESS_VIOLATION (0xc0000005) at pc=0x00007ffa4f91fc9c, pid=5592, tid=0x00000000000010fc
#
# JRE version: OpenJDK Runtime Environment (8.0_402-b06) (build 1.8.0_402-b06)
# Java VM: OpenJDK 64-Bit Server VM (25.402-b06 mixed mode windows-amd64 compressed oops)
# Problematic frame:
# C  [ig11icd64.dll+0x59fc9c]
#
# Failed to write core dump. Minidumps are not enabled by default on client versions of Windows
#
# If you would like to submit a bug report, please visit:
#   https://github.com/adoptium/adoptium-support/issues
#

---------------  T H R E A D  ---------------

Current thread (0x000001542ab39800):  VMThread [stack: 0x000000464ac00000,0x000000464ad00000] [id=4348]

siginfo: ExceptionCode=0xc0000005, reading address 0x0000000000035778

Registers:
RAX=0x000001542eb64918, RBX=0x000001542eb64810, RCX=0x0000000000000000, RDX=0x000001542d053fa0
RSP=0x000000464acfe9a0, RBP=0x000001542e691c80, RSI=0x000001542eb64de0, RDI=0x000001542e7d1d70
R8 =0x0000000000000014, R9 =0x000001542eb64918, R10=0x0000000000000000, R11=0x0000000000000246
R12=0x000001542eaf2300, R13=0x0000000000000000, R14=0x0000000000000000, R15=0x0000000000000000
RIP=0x00007ffa4f91fc9c, EFLAGS=0x0000000000010206

Top of Stack: (sp=0x000000464acfe9a0)
0x000000464acfe9a0:   000001542f1f4ff0 00007ffa4f3bc120
0x000000464acfe9b0:   000000464acfe9e8 0000005400000000
0x000000464acfe9c0:   0000000000000010 0000000000000000
0x000000464acfe9d0:   0000b802001a0000 000001542eaf23e0
0x000000464acfe9e0:   0000000000000000 00007ffa4f90190d
0x000000464acfe9f0:   000001542f1f4ff0 000001542e7d1d70
0x000000464acfea00:   000000464acfeaf0 000000000003eb97
0x000000464acfea10:   00000046000011fc 0000000000000000
0x000000464acfea20:   0000000000000000 00007ffa4f3be060
0x000000464acfea30:   0000000000000000 0000000000000000
0x000000464acfea40:   0000000000000000 0000000000000000
0x000000464acfea50:   0000000000000000 0000000300000002
0x000000464acfea60:   0000004600000002 00000001f46857d4
0x000000464acfea70:   0000000000000080 000000464acfeab0
0x000000464acfea80:   000000464acfecc0 0000000000000000
0x000000464acfea90:   0000000000000000 000000464acfed50 

Instructions: (pc=0x00007ffa4f91fc9c)
0x00007ffa4f91fc7c:   8b c1 83 e0 0f 48 8d 04 c0 49 8d 04 c1 48 85 c0
0x00007ffa4f91fc8c:   74 0c 48 8b 48 08 eb 08 48 83 c0 08 eb ef 33 c9
0x00007ffa4f91fc9c:   49 3b 8e 78 57 03 00 76 51 48 8b 87 78 02 00 00
0x00007ffa4f91fcac:   48 89 06 48 89 9f 78 02 00 00 ff 87 80 02 00 00 


Register to memory mapping:

RAX=0x000001542eb64918 is an unknown value
RBX=0x000001542eb64810 is an unknown value
RCX=0x0000000000000000 is an unknown value
RDX=0x000001542d053fa0 is an unknown value
RSP=0x000000464acfe9a0 is an unknown value
RBP=0x000001542e691c80 is an unknown value
RSI=0x000001542eb64de0 is an unknown value
RDI=0x000001542e7d1d70 is an unknown value
R8 =0x0000000000000014 is an unknown value
R9 =0x000001542eb64918 is an unknown value
R10=0x0000000000000000 is an unknown value
R11=0x0000000000000246 is an unknown value
R12=0x000001542eaf2300 is an unknown value
R13=0x0000000000000000 is an unknown value
R14=0x0000000000000000 is an unknown value
R15=0x0000000000000000 is an unknown value


Stack: [0x000000464ac00000,0x000000464ad00000],  sp=0x000000464acfe9a0,  free space=1018k
Native frames: (J=compiled Java code, j=interpreted, Vv=VM code, C=native code)
C  [ig11icd64.dll+0x59fc9c]
C  [ig11icd64.dll+0x58190d]
C  [ig11icd64.dll+0x67a87f]
C  [ig11icd64.dll+0x5df729]
C  [ig11icd64.dll+0x676e1a]
C  [ig11icd64.dll+0x57ca00]
C  [ig11icd64.dll+0x57c849]
C  [ig11icd64.dll+0x53164b]
C  [ntdll.dll+0x19a1d]
C  [ntdll.dll+0x5dcda]
C  [ntdll.dll+0x5da8d]
C  [KERNEL32.DLL+0x1e3bb]
C  [ucrtbase.dll+0x205bc]
C  [ucrtbase.dll+0x2045f]
V  [jvm.dll+0x1e8fb5]
V  [jvm.dll+0x2246f6]
V  [jvm.dll+0x224c94]
V  [jvm.dll+0x223254]
V  [jvm.dll+0x223a2f]
V  [jvm.dll+0x223d34]
V  [jvm.dll+0x26d5ec]
C  [ucrtbase.dll+0x21bb2]
C  [KERNEL32.DLL+0x17344]
C  [ntdll.dll+0x526b1]

VM_Operation (0x000000464a7ff300): Exit, mode: safepoint, requested by thread 0x000001541261d000


---------------  P R O C E S S  ---------------

Java Threads: ( => current thread )
  0x000001542f195000 JavaThread "LWJGL Timer" daemon [_thread_blocked, id=3244, stack(0x000000464c000000,0x000000464c100000)]
  0x000001542cb1d800 JavaThread "com.google.inject.internal.util.$Finalizer" daemon [_thread_blocked, id=13400, stack(0x000000464b800000,0x000000464b900000)]
  0x000001542c8c8800 JavaThread "EMF Reference Cleaner" daemon [_thread_blocked, id=4420, stack(0x000000464b700000,0x000000464b800000)]
  0x000001542ab9e000 JavaThread "Service Thread" daemon [_thread_blocked, id=2776, stack(0x000000464b500000,0x000000464b600000)]
  0x000001542ab9b800 JavaThread "C1 CompilerThread2" daemon [_thread_blocked, id=4568, stack(0x000000464b400000,0x000000464b500000)]
  0x000001542ab9a800 JavaThread "C2 CompilerThread1" daemon [_thread_blocked, id=11348, stack(0x000000464b300000,0x000000464b400000)]
  0x000001542aba1000 JavaThread "C2 CompilerThread0" daemon [_thread_blocked, id=10496, stack(0x000000464b200000,0x000000464b300000)]
  0x000001542ab92800 JavaThread "Attach Listener" daemon [_thread_blocked, id=4848, stack(0x000000464b100000,0x000000464b200000)]
  0x000001542ab6b800 JavaThread "Finalizer" daemon [_thread_blocked, id=12720, stack(0x000000464ae00000,0x000000464af00000)]
  0x000001542ab64000 JavaThread "Reference Handler" daemon [_thread_blocked, id=3596, stack(0x000000464ad00000,0x000000464ae00000)]
  0x000001541261d000 JavaThread "main" [_thread_blocked, id=5520, stack(0x000000464a700000,0x000000464a800000)]

Other Threads:
=>0x000001542ab39800 VMThread [stack: 0x000000464ac00000,0x000000464ad00000] [id=4348]

VM state:at safepoint (shutting down)

VM Mutex/Monitor currently owned by a thread:  ([mutex/lock_event])
[0x00000154126195c0] Threads_lock - owner thread: 0x000001542ab39800

heap address: 0x0000000703c00000, size: 3012 MB, Compressed Oops mode: Zero based, Oop shift amount: 3
Narrow klass base: 0x0000000000000000, Narrow klass shift: 3
Compressed class space size: 1073741824 Address: 0x00000007c0000000

Heap:
 PSYoungGen      total 288768K, used 26757K [0x0000000781400000, 0x0000000793c80000, 0x00000007c0000000)
  eden space 280064K, 9% used [0x0000000781400000,0x0000000782de17c8,0x0000000792580000)
  from space 8704K, 2% used [0x0000000793400000,0x0000000793440000,0x0000000793c80000)
  to   space 11776K, 0% used [0x0000000792580000,0x0000000792580000,0x0000000793100000)
 ParOldGen       total 111616K, used 22418K [0x0000000703c00000, 0x000000070a900000, 0x0000000781400000)
  object space 111616K, 20% used [0x0000000703c00000,0x00000007051e4a78,0x000000070a900000)
 Metaspace       used 24992K, capacity 25441K, committed 25600K, reserved 1071104K
  class space    used 2943K, capacity 3069K, committed 3072K, reserved 1048576K

Card table byte_map: [0x00000154233a0000,0x0000015423990000] byte_map_base: 0x000001541fb82000

Marking Bits: (ParMarkBitMap*) 0x00000000757b0850
 Begin Bits: [0x0000015423d80000, 0x0000015426c90000)
 End Bits:   [0x0000015426c90000, 0x0000015429ba0000)

Polling page: 0x0000015412750000

CodeCache: size=245760Kb used=13786Kb max_used=15627Kb free=231973Kb
 bounds [0x0000015413fe0000, 0x0000015414fa0000, 0x0000015422fe0000]
 total_blobs=4499 nmethods=3900 adapters=510
 compilation: enabled

Compilation events (10 events):
Event: 14.330 Thread 0x000001542ab9b800 4958       3       java.nio.CharBuffer::array (35 bytes)
Event: 14.330 Thread 0x000001542ab9b800 nmethod 4958 0x0000015414316c90 code [0x0000015414316e20, 0x0000015414317140]
Event: 14.330 Thread 0x000001542ab9b800 4955       3       java.nio.HeapCharBuffer::<init> (14 bytes)
Event: 14.330 Thread 0x000001542ab9b800 nmethod 4955 0x0000015414118110 code [0x0000015414118280, 0x00000154141184d0]
Event: 14.330 Thread 0x000001542ab9b800 4959       1       sun.nio.cs.StreamEncoder::isOpen (5 bytes)
Event: 14.330 Thread 0x000001542ab9b800 nmethod 4959 0x0000015414acc950 code [0x0000015414accaa0, 0x0000015414accbb8]
Event: 14.333 Thread 0x000001542ab9b800 4961       3       java.util.Hashtable::<init> (114 bytes)
Event: 14.334 Thread 0x000001542ab9b800 nmethod 4961 0x0000015414b08950 code [0x0000015414b08c40, 0x0000015414b0a060]
Event: 14.334 Thread 0x000001542ab9b800 4962       3       java.util.Dictionary::<init> (5 bytes)
Event: 14.334 Thread 0x000001542ab9b800 nmethod 4962 0x0000015414910010 code [0x0000015414910160, 0x0000015414910318]

GC Heap History (10 events):
Event: 11.402 GC heap before
{Heap before GC invocations=19 (full 1):
 PSYoungGen      total 253440K, used 239438K [0x0000000781400000, 0x0000000792800000, 0x00000007c0000000)
  eden space 238080K, 100% used [0x0000000781400000,0x000000078fc80000,0x000000078fc80000)
  from space 15360K, 8% used [0x000000078fc80000,0x000000078fdd3890,0x0000000790b80000)
  to   space 14848K, 0% used [0x0000000791980000,0x0000000791980000,0x0000000792800000)
 ParOldGen       total 111616K, used 21194K [0x0000000703c00000, 0x000000070a900000, 0x0000000781400000)
  object space 111616K, 18% used [0x0000000703c00000,0x00000007050b2b70,0x000000070a900000)
 Metaspace       used 24889K, capacity 25365K, committed 25600K, reserved 1071104K
  class space    used 2933K, capacity 3067K, committed 3072K, reserved 1048576K
Event: 11.404 GC heap after
Heap after GC invocations=19 (full 1):
 PSYoungGen      total 265728K, used 1422K [0x0000000781400000, 0x0000000792600000, 0x00000007c0000000)
  eden space 252928K, 0% used [0x0000000781400000,0x0000000781400000,0x0000000790b00000)
  from space 12800K, 11% used [0x0000000791980000,0x0000000791ae3890,0x0000000792600000)
  to   space 13824K, 0% used [0x0000000790b00000,0x0000000790b00000,0x0000000791880000)
 ParOldGen       total 111616K, used 21202K [0x0000000703c00000, 0x000000070a900000, 0x0000000781400000)
  object space 111616K, 18% used [0x0000000703c00000,0x00000007050b4b70,0x000000070a900000)
 Metaspace       used 24889K, capacity 25365K, committed 25600K, reserved 1071104K
  class space    used 2933K, capacity 3067K, committed 3072K, reserved 1048576K
}
Event: 11.859 GC heap before
{Heap before GC invocations=20 (full 1):
 PSYoungGen      total 265728K, used 254350K [0x0000000781400000, 0x0000000792600000, 0x00000007c0000000)
  eden space 252928K, 100% used [0x0000000781400000,0x0000000790b00000,0x0000000790b00000)
  from space 12800K, 11% used [0x0000000791980000,0x0000000791ae3890,0x0000000792600000)
  to   space 13824K, 0% used [0x0000000790b00000,0x0000000790b00000,0x0000000791880000)
 ParOldGen       total 111616K, used 21202K [0x0000000703c00000, 0x000000070a900000, 0x0000000781400000)
  object space 111616K, 18% used [0x0000000703c00000,0x00000007050b4b70,0x000000070a900000)
 Metaspace       used 24890K, capacity 25365K, committed 25600K, reserved 1071104K
  class space    used 2933K, capacity 3067K, committed 3072K, reserved 1048576K
Event: 11.860 GC heap after
Heap after GC invocations=20 (full 1):
 PSYoungGen      total 266752K, used 1390K [0x0000000781400000, 0x0000000793400000, 0x00000007c0000000)
  eden space 252928K, 0% used [0x0000000781400000,0x0000000781400000,0x0000000790b00000)
  from space 13824K, 10% used [0x0000000790b00000,0x0000000790c5b890,0x0000000791880000)
  to   space 13312K, 0% used [0x0000000792700000,0x0000000792700000,0x0000000793400000)
 ParOldGen       total 111616K, used 21202K [0x0000000703c00000, 0x000000070a900000, 0x0000000781400000)
  object space 111616K, 18% used [0x0000000703c00000,0x00000007050b4b70,0x000000070a900000)
 Metaspace       used 24890K, capacity 25365K, committed 25600K, reserved 1071104K
  class space    used 2933K, capacity 3067K, committed 3072K, reserved 1048576K
}
Event: 12.337 GC heap before
{Heap before GC invocations=21 (full 1):
 PSYoungGen      total 266752K, used 254318K [0x0000000781400000, 0x0000000793400000, 0x00000007c0000000)
  eden space 252928K, 100% used [0x0000000781400000,0x0000000790b00000,0x0000000790b00000)
  from space 13824K, 10% used [0x0000000790b00000,0x0000000790c5b890,0x0000000791880000)
  to   space 13312K, 0% used [0x0000000792700000,0x0000000792700000,0x0000000793400000)
 ParOldGen       total 111616K, used 21202K [0x0000000703c00000, 0x000000070a900000, 0x0000000781400000)
  object space 111616K, 18% used [0x0000000703c00000,0x00000007050b4b70,0x000000070a900000)
 Metaspace       used 24894K, capacity 25365K, committed 25600K, reserved 1071104K
  class space    used 2933K, capacity 3067K, committed 3072K, reserved 1048576K
Event: 12.339 GC heap after
Heap after GC invocations=21 (full 1):
 PSYoungGen      total 279552K, used 512K [0x0000000781400000, 0x0000000793280000, 0x00000007c0000000)
  eden space 267776K, 0% used [0x0000000781400000,0x0000000781400000,0x0000000791980000)
  from space 11776K, 4% used [0x0000000792700000,0x0000000792780000,0x0000000793280000)
  to   space 12800K, 0% used [0x0000000791980000,0x0000000791980000,0x0000000792600000)
 ParOldGen       total 111616K, used 22074K [0x0000000703c00000, 0x000000070a900000, 0x0000000781400000)
  object space 111616K, 19% used [0x0000000703c00000,0x000000070518ea78,0x000000070a900000)
 Metaspace       used 24894K, capacity 25365K, committed 25600K, reserved 1071104K
  class space    used 2933K, capacity 3067K, committed 3072K, reserved 1048576K
}
Event: 12.764 GC heap before
{Heap before GC invocations=22 (full 1):
 PSYoungGen      total 279552K, used 268288K [0x0000000781400000, 0x0000000793280000, 0x00000007c0000000)
  eden space 267776K, 100% used [0x0000000781400000,0x0000000791980000,0x0000000791980000)
  from space 11776K, 4% used [0x0000000792700000,0x0000000792780000,0x0000000793280000)
  to   space 12800K, 0% used [0x0000000791980000,0x0000000791980000,0x0000000792600000)
 ParOldGen       total 111616K, used 22074K [0x0000000703c00000, 0x000000070a900000, 0x0000000781400000)
  object space 111616K, 19% used [0x0000000703c00000,0x000000070518ea78,0x000000070a900000)
 Metaspace       used 24898K, capacity 25365K, committed 25600K, reserved 1071104K
  class space    used 2933K, capacity 3067K, committed 3072K, reserved 1048576K
Event: 12.766 GC heap after
Heap after GC invocations=22 (full 1):
 PSYoungGen      total 280576K, used 288K [0x0000000781400000, 0x0000000794000000, 0x00000007c0000000)
  eden space 267776K, 0% used [0x0000000781400000,0x0000000781400000,0x0000000791980000)
  from space 12800K, 2% used [0x0000000791980000,0x00000007919c8000,0x0000000792600000)
  to   space 12288K, 0% used [0x0000000793400000,0x0000000793400000,0x0000000794000000)
 ParOldGen       total 111616K, used 22378K [0x0000000703c00000, 0x000000070a900000, 0x0000000781400000)
  object space 111616K, 20% used [0x0000000703c00000,0x00000007051daa78,0x000000070a900000)
 Metaspace       used 24898K, capacity 25365K, committed 25600K, reserved 1071104K
  class space    used 2933K, capacity 3067K, committed 3072K, reserved 1048576K
}
Event: 14.257 GC heap before
{Heap before GC invocations=23 (full 1):
 PSYoungGen      total 280576K, used 268064K [0x0000000781400000, 0x0000000794000000, 0x00000007c0000000)
  eden space 267776K, 100% used [0x0000000781400000,0x0000000791980000,0x0000000791980000)
  from space 12800K, 2% used [0x0000000791980000,0x00000007919c8000,0x0000000792600000)
  to   space 12288K, 0% used [0x0000000793400000,0x0000000793400000,0x0000000794000000)
 ParOldGen       total 111616K, used 22378K [0x0000000703c00000, 0x000000070a900000, 0x0000000781400000)
  object space 111616K, 20% used [0x0000000703c00000,0x00000007051daa78,0x000000070a900000)
 Metaspace       used 24938K, capacity 25371K, committed 25600K, reserved 1071104K
  class space    used 2937K, capacity 3068K, committed 3072K, reserved 1048576K
Event: 14.259 GC heap after
Heap after GC invocations=23 (full 1):
 PSYoungGen      total 288768K, used 256K [0x0000000781400000, 0x0000000793c80000, 0x00000007c0000000)
  eden space 280064K, 0% used [0x0000000781400000,0x0000000781400000,0x0000000792580000)
  from space 8704K, 2% used [0x0000000793400000,0x0000000793440000,0x0000000793c80000)
  to   space 11776K, 0% used [0x0000000792580000,0x0000000792580000,0x0000000793100000)
 ParOldGen       total 111616K, used 22418K [0x0000000703c00000, 0x000000070a900000, 0x0000000781400000)
  object space 111616K, 20% used [0x0000000703c00000,0x00000007051e4a78,0x000000070a900000)
 Metaspace       used 24938K, capacity 25371K, committed 25600K, reserved 1071104K
  class space    used 2937K, capacity 3068K, committed 3072K, reserved 1048576K
}

Deoptimization events (10 events):
Event: 14.304 Thread 0x000001542d4b5000 Uncommon trap: reason=class_check action=maybe_recompile pc=0x0000015414d2546c method=org.uqbar.project.wollok.interpreter.WollokInterpreter.eval(Lorg/eclipse/emf/ecore/EObject;)Lorg/uqbar/project/wollok/interpreter/core/WollokObject; @ 79
Event: 14.304 Thread 0x000001542d4b5000 Uncommon trap: reason=class_check action=maybe_recompile pc=0x0000015414d2546c method=org.uqbar.project.wollok.interpreter.WollokInterpreter.eval(Lorg/eclipse/emf/ecore/EObject;)Lorg/uqbar/project/wollok/interpreter/core/WollokObject; @ 79
Event: 14.304 Thread 0x000001542d4b5000 Uncommon trap: reason=class_check action=maybe_recompile pc=0x0000015414d2546c method=org.uqbar.project.wollok.interpreter.WollokInterpreter.eval(Lorg/eclipse/emf/ecore/EObject;)Lorg/uqbar/project/wollok/interpreter/core/WollokObject; @ 79
Event: 14.304 Thread 0x000001542d4b5000 Uncommon trap: reason=class_check action=maybe_recompile pc=0x0000015414d2546c method=org.uqbar.project.wollok.interpreter.WollokInterpreter.eval(Lorg/eclipse/emf/ecore/EObject;)Lorg/uqbar/project/wollok/interpreter/core/WollokObject; @ 79
Event: 14.304 Thread 0x000001542d4b5000 Uncommon trap: reason=class_check action=maybe_recompile pc=0x0000015414e91d64 method=org.uqbar.project.wollok.interpreter.threads.WThread.performOnStack(Lorg/eclipse/emf/ecore/EObject;Lorg/uqbar/project/wollok/interpreter/context/EvaluationContext;Lorg/e
Event: 14.304 Thread 0x000001542d4b5000 Uncommon trap: reason=class_check action=maybe_recompile pc=0x0000015414d2546c method=org.uqbar.project.wollok.interpreter.WollokInterpreter.eval(Lorg/eclipse/emf/ecore/EObject;)Lorg/uqbar/project/wollok/interpreter/core/WollokObject; @ 79
Event: 14.304 Thread 0x000001542d4b5000 Uncommon trap: reason=class_check action=maybe_recompile pc=0x0000015414d2546c method=org.uqbar.project.wollok.interpreter.WollokInterpreter.eval(Lorg/eclipse/emf/ecore/EObject;)Lorg/uqbar/project/wollok/interpreter/core/WollokObject; @ 79
Event: 14.304 Thread 0x000001542d4b5000 Uncommon trap: reason=class_check action=maybe_recompile pc=0x0000015414d2546c method=org.uqbar.project.wollok.interpreter.WollokInterpreter.eval(Lorg/eclipse/emf/ecore/EObject;)Lorg/uqbar/project/wollok/interpreter/core/WollokObject; @ 79
Event: 14.304 Thread 0x000001542d4b5000 Uncommon trap: reason=class_check action=maybe_recompile pc=0x0000015414e91d64 method=org.uqbar.project.wollok.interpreter.threads.WThread.performOnStack(Lorg/eclipse/emf/ecore/EObject;Lorg/uqbar/project/wollok/interpreter/context/EvaluationContext;Lorg/e
Event: 14.323 Thread 0x000001542d4b5000 Uncommon trap: reason=unstable_if action=reinterpret pc=0x0000015414d52044 method=java.util.HashMap$HashIterator.<init>(Ljava/util/HashMap;)V @ 45

Classes redefined (0 events):
No events

Internal exceptions (10 events):
Event: 3.213 Thread 0x000001541261d000 Exception <a 'java/lang/reflect/InvocationTargetException'> (0x0000000781740990) thrown at [E:\Jenkins\workspace\temp\workspace\build\src\hotspot\src\share\vm\runtime\reflection.cpp, line 1092]
Event: 3.214 Thread 0x000001541261d000 Exception <a 'java/lang/reflect/InvocationTargetException'> (0x000000078175cdb8) thrown at [E:\Jenkins\workspace\temp\workspace\build\src\hotspot\src\share\vm\runtime\reflection.cpp, line 1092]
Event: 3.338 Thread 0x000001541261d000 Exception <a 'java/io/FileNotFoundException'> (0x0000000781e1e950) thrown at [E:\Jenkins\workspace\temp\workspace\build\src\hotspot\src\share\vm\prims\jni.cpp, line 709]
Event: 3.736 Thread 0x000001541261d000 Exception <a 'java/security/PrivilegedActionException'> (0x0000000782c7bda8) thrown at [E:\Jenkins\workspace\temp\workspace\build\src\hotspot\src\share\vm\prims\jvm.cpp, line 1514]
Event: 3.736 Thread 0x000001541261d000 Exception <a 'java/security/PrivilegedActionException'> (0x0000000782c7d2d8) thrown at [E:\Jenkins\workspace\temp\workspace\build\src\hotspot\src\share\vm\prims\jvm.cpp, line 1514]
Event: 3.736 Thread 0x000001541261d000 Exception <a 'java/security/PrivilegedActionException'> (0x0000000782c7e708) thrown at [E:\Jenkins\workspace\temp\workspace\build\src\hotspot\src\share\vm\prims\jvm.cpp, line 1514]
Event: 3.736 Thread 0x000001541261d000 Exception <a 'java/security/PrivilegedActionException'> (0x0000000782c7fdc8) thrown at [E:\Jenkins\workspace\temp\workspace\build\src\hotspot\src\share\vm\prims\jvm.cpp, line 1514]
Event: 3.736 Thread 0x000001541261d000 Exception <a 'java/security/PrivilegedActionException'> (0x0000000782c811c0) thrown at [E:\Jenkins\workspace\temp\workspace\build\src\hotspot\src\share\vm\prims\jvm.cpp, line 1514]
Event: 3.736 Thread 0x000001541261d000 Exception <a 'java/security/PrivilegedActionException'> (0x0000000782c82588) thrown at [E:\Jenkins\workspace\temp\workspace\build\src\hotspot\src\share\vm\prims\jvm.cpp, line 1514]
Event: 14.299 Thread 0x000001542d4b5000 Implicit null exception at 0x0000015414f0953c to 0x0000015414f0a049

Events (10 events):
Event: 14.328 loading class org/uqbar/project/wollok/interpreter/WollokInterpreter$3
Event: 14.328 loading class org/uqbar/project/wollok/interpreter/WollokInterpreter$3 done
Event: 14.329 loading class java/util/IdentityHashMap$KeyIterator
Event: 14.329 loading class java/util/IdentityHashMap$KeyIterator done
Event: 14.329 Thread 0x000001542d4b5000 Thread added: 0x000001542d4b5000
Event: 14.329 Thread 0x000001542eb05800 Thread added: 0x000001542eb05800
Event: 14.335 Thread 0x000001542d4b5000 Thread exited: 0x000001542d4b5000
Event: 14.343 Thread 0x000001542eb05800 Thread exited: 0x000001542eb05800
Event: 14.344 Thread 0x000001542ab91000 Thread exited: 0x000001542ab91000
Event: 14.344 Executing VM operation: Exit


Dynamic libraries:
0x00007ff67ef10000 - 0x00007ff67ef61000 	C:\Program Files\Eclipse Adoptium\jdk-8.0.402.6-hotspot\bin\javaw.exe
0x00007ffaaf930000 - 0x00007ffaafb28000 	C:\WINDOWS\SYSTEM32\ntdll.dll
0x00007ffaadd10000 - 0x00007ffaaddcd000 	C:\WINDOWS\System32\KERNEL32.DLL
0x00007ffaad290000 - 0x00007ffaad586000 	C:\WINDOWS\System32\KERNELBASE.dll
0x00007ffaaf140000 - 0x00007ffaaf1f0000 	C:\WINDOWS\System32\ADVAPI32.dll
0x00007ffaaf020000 - 0x00007ffaaf0be000 	C:\WINDOWS\System32\msvcrt.dll
0x00007ffaaeeb0000 - 0x00007ffaaef50000 	C:\WINDOWS\System32\sechost.dll
0x00007ffaaf250000 - 0x00007ffaaf373000 	C:\WINDOWS\System32\RPCRT4.dll
0x00007ffaad930000 - 0x00007ffaad957000 	C:\WINDOWS\System32\bcrypt.dll
0x00007ffaada30000 - 0x00007ffaadbcf000 	C:\WINDOWS\System32\USER32.dll
0x00007ffaad030000 - 0x00007ffaad052000 	C:\WINDOWS\System32\win32u.dll
0x00007ffaad9c0000 - 0x00007ffaad9eb000 	C:\WINDOWS\System32\GDI32.dll
0x00007ffaad810000 - 0x00007ffaad927000 	C:\WINDOWS\System32\gdi32full.dll
0x00007ffaad0f0000 - 0x00007ffaad18d000 	C:\WINDOWS\System32\msvcp_win.dll
0x00007ffaad190000 - 0x00007ffaad290000 	C:\WINDOWS\System32\ucrtbase.dll
0x00007ffa92180000 - 0x00007ffa9241a000 	C:\WINDOWS\WinSxS\amd64_microsoft.windows.common-controls_6595b64144ccf1df_6.0.19041.4355_none_60b8b9eb71f62e16\COMCTL32.dll
0x00007ffaaddd0000 - 0x00007ffaade02000 	C:\WINDOWS\System32\IMM32.DLL
0x00007ffaa8a60000 - 0x00007ffaa8a75000 	C:\Program Files\Eclipse Adoptium\jdk-8.0.402.6-hotspot\jre\bin\vcruntime140.dll
0x00007ffa9a850000 - 0x00007ffa9a8eb000 	C:\Program Files\Eclipse Adoptium\jdk-8.0.402.6-hotspot\jre\bin\msvcp140.dll
0x0000000074fd0000 - 0x0000000075829000 	C:\Program Files\Eclipse Adoptium\jdk-8.0.402.6-hotspot\jre\bin\server\jvm.dll
0x00007ffaada20000 - 0x00007ffaada28000 	C:\WINDOWS\System32\PSAPI.DLL
0x00007ffaa8af0000 - 0x00007ffaa8af9000 	C:\WINDOWS\SYSTEM32\WSOCK32.dll
0x00007ffaaf7a0000 - 0x00007ffaaf80b000 	C:\WINDOWS\System32\WS2_32.dll
0x00007ffa9d520000 - 0x00007ffa9d547000 	C:\WINDOWS\SYSTEM32\WINMM.dll
0x00007ffaa41d0000 - 0x00007ffaa41da000 	C:\WINDOWS\SYSTEM32\VERSION.dll
0x00007ffaab7f0000 - 0x00007ffaab802000 	C:\WINDOWS\SYSTEM32\kernel.appcore.dll
0x00007ffaa8570000 - 0x00007ffaa8580000 	C:\Program Files\Eclipse Adoptium\jdk-8.0.402.6-hotspot\jre\bin\verify.dll
0x00007ffaa5c00000 - 0x00007ffaa5c2b000 	C:\Program Files\Eclipse Adoptium\jdk-8.0.402.6-hotspot\jre\bin\java.dll
0x00007ffaa73c0000 - 0x00007ffaa73d8000 	C:\Program Files\Eclipse Adoptium\jdk-8.0.402.6-hotspot\jre\bin\zip.dll
0x00007ffaae590000 - 0x00007ffaaecfb000 	C:\WINDOWS\System32\SHELL32.dll
0x00007ffaab040000 - 0x00007ffaab7dd000 	C:\WINDOWS\SYSTEM32\windows.storage.dll
0x00007ffaaf3e0000 - 0x00007ffaaf733000 	C:\WINDOWS\System32\combase.dll
0x00007ffaac930000 - 0x00007ffaac95e000 	C:\WINDOWS\SYSTEM32\Wldp.dll
0x00007ffaaef50000 - 0x00007ffaaf01d000 	C:\WINDOWS\System32\OLEAUT32.dll
0x00007ffaadc60000 - 0x00007ffaadd0d000 	C:\WINDOWS\System32\SHCORE.dll
0x00007ffaaf1f0000 - 0x00007ffaaf245000 	C:\WINDOWS\System32\shlwapi.dll
0x00007ffaacf10000 - 0x00007ffaacf34000 	C:\WINDOWS\SYSTEM32\profapi.dll
0x0000000065580000 - 0x0000000065616000 	C:\Users\franc\AppData\Local\Temp\libgdxfranc\12dfaa03\gdx64.dll
0x00007ffaac890000 - 0x00007ffaac8a8000 	C:\WINDOWS\SYSTEM32\CRYPTSP.dll
0x00007ffaabfb0000 - 0x00007ffaabfe4000 	C:\WINDOWS\system32\rsaenh.dll
0x00007ffaacec0000 - 0x00007ffaaceee000 	C:\WINDOWS\SYSTEM32\USERENV.dll
0x00007ffaad060000 - 0x00007ffaad0e2000 	C:\WINDOWS\System32\bcryptprimitives.dll
0x00007ffaac880000 - 0x00007ffaac88c000 	C:\WINDOWS\SYSTEM32\CRYPTBASE.dll
0x00007ffaa66e0000 - 0x00007ffaa66fc000 	C:\Program Files\Eclipse Adoptium\jdk-8.0.402.6-hotspot\jre\bin\net.dll
0x00007ffaac690000 - 0x00007ffaac6fa000 	C:\WINDOWS\system32\mswsock.dll
0x00007ffaac370000 - 0x00007ffaac3ab000 	C:\WINDOWS\SYSTEM32\IPHLPAPI.DLL
0x00007ffaad9f0000 - 0x00007ffaad9f8000 	C:\WINDOWS\System32\NSI.dll
0x00007ffa9d320000 - 0x00007ffa9d337000 	C:\WINDOWS\SYSTEM32\dhcpcsvc6.DLL
0x00007ffa9d940000 - 0x00007ffa9d95d000 	C:\WINDOWS\SYSTEM32\dhcpcsvc.DLL
0x00007ffaac3b0000 - 0x00007ffaac47b000 	C:\WINDOWS\SYSTEM32\DNSAPI.dll
0x00007ffaa5e40000 - 0x00007ffaa5e53000 	C:\Program Files\Eclipse Adoptium\jdk-8.0.402.6-hotspot\jre\bin\nio.dll
0x0000000180000000 - 0x0000000180053000 	C:\Users\franc\AppData\Local\Temp\libgdxfranc\dc0f0009\lwjgl64.dll
0x00007ffa93ff0000 - 0x00007ffa94115000 	C:\WINDOWS\SYSTEM32\OPENGL32.dll
0x00007ffaa4790000 - 0x00007ffaa47bc000 	C:\WINDOWS\SYSTEM32\GLU32.dll
0x000001542f6b0000 - 0x000001542f714000 	C:\Users\franc\AppData\Local\Temp\libgdxfranc\dc0f0009\OpenAL64.dll
0x00007ffaadec0000 - 0x00007ffaadfeb000 	C:\WINDOWS\System32\ole32.dll
0x00007ffaaa5f0000 - 0x00007ffaaa68e000 	C:\WINDOWS\system32\uxtheme.dll
0x00007ffaade10000 - 0x00007ffaadeb9000 	C:\WINDOWS\System32\clbcatq.dll
0x00007ffa9bf10000 - 0x00007ffa9bfac000 	C:\WINDOWS\SYSTEM32\dsound.dll
0x00007ffaace30000 - 0x00007ffaace7b000 	C:\WINDOWS\SYSTEM32\powrprof.dll
0x00007ffa9c000000 - 0x00007ffa9c026000 	C:\WINDOWS\SYSTEM32\winmmbase.dll
0x00007ffaace10000 - 0x00007ffaace22000 	C:\WINDOWS\SYSTEM32\UMPDC.dll
0x00007ffaa51f0000 - 0x00007ffaa5275000 	C:\WINDOWS\System32\MMDevApi.dll
0x00007ffaacc90000 - 0x00007ffaaccc3000 	C:\WINDOWS\System32\DEVOBJ.dll
0x00007ffaacfe0000 - 0x00007ffaad02e000 	C:\WINDOWS\System32\cfgmgr32.dll
0x00007ffaa5440000 - 0x00007ffaa55c1000 	C:\WINDOWS\SYSTEM32\AUDIOSES.DLL
0x00007ffaaa6d0000 - 0x00007ffaaa6e4000 	C:\WINDOWS\SYSTEM32\resourcepolicyclient.dll
0x00007ffaa6e00000 - 0x00007ffaa6eae000 	C:\WINDOWS\SYSTEM32\mscms.dll
0x00007ffaa6d70000 - 0x00007ffaa6d81000 	C:\WINDOWS\SYSTEM32\ColorAdapterClient.dll
0x00007ffaa3a80000 - 0x00007ffaa3ac3000 	C:\Windows\System32\Windows.Internal.Graphics.Display.DisplayColorManagement.dll
0x00007ffaae460000 - 0x00007ffaae574000 	C:\WINDOWS\System32\MSCTF.dll
0x00007ffaa4b80000 - 0x00007ffaa4c83000 	C:\Windows\System32\AppXDeploymentClient.dll
0x00007ffa4f380000 - 0x00007ffa5041d000 	C:\WINDOWS\System32\DriverStore\FileRepository\iigd_dch.inf_amd64_8378bbc5c6d71266\ig11icd64.dll
0x00007ffaaa7d0000 - 0x00007ffaaa7ff000 	C:\WINDOWS\system32\dwmapi.dll
0x00007ffaab860000 - 0x00007ffaab952000 	C:\WINDOWS\system32\dxgi.dll
0x00007ffa7b1f0000 - 0x00007ffa7b32c000 	C:\WINDOWS\System32\DriverStore\FileRepository\iigd_dch.inf_amd64_8378bbc5c6d71266\igdml64.dll
0x00007ffaa2890000 - 0x00007ffaa2c9a000 	C:\WINDOWS\System32\DriverStore\FileRepository\iigd_dch.inf_amd64_8378bbc5c6d71266\igdgmm64.dll
0x00007ffa9cc70000 - 0x00007ffa9cd69000 	C:\WINDOWS\SYSTEM32\textinputframework.dll
0x00007ffaa9b00000 - 0x00007ffaa9e5b000 	C:\WINDOWS\System32\CoreUIComponents.dll
0x00007ffaaa1e0000 - 0x00007ffaaa2d2000 	C:\WINDOWS\System32\CoreMessaging.dll
0x00007ffaa8b20000 - 0x00007ffaa8c77000 	C:\WINDOWS\SYSTEM32\wintypes.dll
0x00007ffaac0d0000 - 0x00007ffaac103000 	C:\WINDOWS\SYSTEM32\ntmarta.dll
0x00007ffaa48c0000 - 0x00007ffaa4903000 	C:\WINDOWS\SYSTEM32\icm32.dll
0x00007ffa9e130000 - 0x00007ffaa27a0000 	C:\WINDOWS\System32\DriverStore\FileRepository\iigd_dch.inf_amd64_8378bbc5c6d71266\igc64.dll
0x00007ffaaac10000 - 0x00007ffaaadf4000 	C:\WINDOWS\SYSTEM32\dbghelp.dll

VM Arguments:
jvm_args: -Duser.language=es_AR -Dfile.encoding=UTF-8 
java_command: org.uqbar.project.wollok.launch.WollokLauncher -requestsPort 0 -eventsPort 0 -folder -dontValidate -wf src/juego.wpgm
java_class_path (initial): C:\Users\franc\git\2024s1-tp-grupal-juego-grupo-6-2\bin;C:\Users\franc\OneDrive\Escritorio\Prog. con objetos\extraccion\plugins\com.ibm.icu_64.2.0.v20190507-1337.jar;C:\Users\franc\OneDrive\Escritorio\Prog. con objetos\extraccion\plugins\org.eclipse.xtext_2.20.0.v20191202-0915.jar;C:\Users\franc\OneDrive\Escritorio\Prog. con objetos\extraccion\plugins\org.eclipse.emf.ecore.xmi_2.16.0.v20190528-0725.jar;C:\Users\franc\OneDrive\Escritorio\Prog. con objetos\extraccion\plugins\org.eclipse.emf.ecore_2.20.0.v20190920-0401.jar;C:\Users\franc\OneDrive\Escritorio\Prog. con objetos\extraccion\plugins\org.eclipse.emf.common_2.17.0.v20190920-0401.jar;C:\Users\franc\OneDrive\Escritorio\Prog. con objetos\extraccion\plugins\org.antlr.runtime_3.2.0.v201101311130.jar;C:\Users\franc\OneDrive\Escritorio\Prog. con objetos\extraccion\plugins\com.google.inject_3.0.0.v201605172100.jar;C:\Users\franc\OneDrive\Escritorio\Prog. con objetos\extraccion\plugins\org.eclipse.emf.mwe.core_1.5.1.v20191121-1148.jar;C:\Users\franc\OneDrive\Escritorio\Prog. con objetos\extraccion\plugins\org.apache.commons.cli_1.2.0.v201404270220.jar;C:\Users\franc\OneDrive\Escritorio\Prog. con objetos\extraccion\plugins\org.eclipse.emf.mwe2.runtime_2.11.1.v20191121-1148.jar;C:\Users\franc\OneDrive\Escritorio\Prog. con objetos\extraccion\plugins\org.eclipse.emf.mwe.utils_1.5.1.v20191121-1148.jar;C:\Users\franc\OneDrive\Escritorio\Prog. con objetos\extraccion\plugins\org.eclipse.xtext.util_2.20.0.v20191202-0915.jar;C:\Users\franc\OneDrive\Escritorio\Prog. con objetos\extraccion\plugins\com.google.guava_27.1.0.v20190517-1946.jar;C:\Users\franc\OneDrive\Escritorio\Prog. con objetos\extraccion\plugins\javax.inject_1.0.0.v20091030.jar;C:\Users\franc\OneDrive\Escritorio\Prog. con objetos\extraccion\plugins\org.eclipse.xtext.generator_2.20.0.v20191202-0933.jar;C:\Users\franc\OneDrive\Escritorio\Prog. con objetos\extraccion\plugins\org.eclipse.xtext.xtext.generator_2.20.0.v20191202-0915.jar;C:\Use
Launcher Type: SUN_STANDARD

Environment Variables:
JAVA_HOME=C:\Program Files\Eclipse Adoptium\jdk-8.0.402.6-hotspot\
PATH=C:/Program Files/Eclipse Adoptium/jdk-8.0.402.6-hotspot/bin/../jre/bin/server;C:/Program Files/Eclipse Adoptium/jdk-8.0.402.6-hotspot/bin/../jre/bin;C:/Program Files/Eclipse Adoptium/jdk-8.0.402.6-hotspot/bin/../jre/lib/amd64;C:\Program Files\Eclipse Adoptium\jdk-8.0.402.6-hotspot\bin;C:\WINDOWS\system32;C:\WINDOWS;C:\WINDOWS\System32\Wbem;C:\WINDOWS\System32\WindowsPowerShell\v1.0\;C:\WINDOWS\System32\OpenSSH\;C:\Users\franc\AppData\Local\Microsoft\WindowsApps;;C:\Users\franc\AppData\Local\Programs\Microsoft VS Code\bin;C:\Users\franc\OneDrive\Escritorio\Prog. con objetos\extraccion;
USERNAME=franc
OS=Windows_NT
PROCESSOR_IDENTIFIER=Intel64 Family 6 Model 126 Stepping 5, GenuineIntel



---------------  S Y S T E M  ---------------

OS: Windows 10 , 64 bit Build 19041 (10.0.19041.3636)

CPU:total 4 (initial active 4) (2 cores per cpu, 2 threads per core) family 6 model 126 stepping 5, cmov, cx8, fxsr, mmx, sse, sse2, sse3, ssse3, sse4.1, sse4.2, popcnt, avx, avx2, aes, clmul, erms, 3dnowpref, lzcnt, ht, tsc, tscinvbit, bmi1, bmi2, adx

Memory: 4k page, physical 12336244k(5887444k free), swap 14236788k(6773168k free)

vm_info: OpenJDK 64-Bit Server VM (25.402-b06) for windows-amd64 JRE (1.8.0_402-b06), built on Jan 16 2024 21:53:06 by "jenkins" with MS VC++ 15.9 (VS2017)

time: Wed Jun 12 23:59:15 2024
timezone: Hora estándar de Argentina
elapsed time: 14.392893 seconds (0d 0h 0m 14s)

